--------------------------------------------------------------------------------
Release 10.1.03 Trace  (lin64)
Copyright (c) 1995-2008 Xilinx, Inc.  All rights reserved.

/afs/csail.mit.edu/proj/redsocs/Xilinx10.1/ISE/bin/lin64/unwrapped/trce -ise
/afs/athena.mit.edu/user/g/r/grosas/6.111/Final_Project/bodydrums/meshed_fp/meshed_fp.ise
-intstyle ise -v 3 -s 4 -xml fft fft.ncd -o fft.twr fft.pcf -ucf labkit.ucf

Design file:              fft.ncd
Physical constraint file: fft.pcf
Device,package,speed:     xc2v6000,bf957,-4 (PRODUCTION 1.121 2008-07-25, STEPPING level 0)
Report level:             verbose report

Environment Variable      Effect 
--------------------      ------ 
NONE                      No environment variables were set
--------------------------------------------------------------------------------

INFO:Timing:2698 - No timing constraints found, doing default enumeration.
INFO:Timing:2752 - To get complete path coverage, use the unconstrained paths 
   option. All paths that are not constrained will be reported in the 
   unconstrained paths section(s) of the report.
INFO:Timing:3339 - The clock-to-out numbers in this timing report are based on 
   a 50 Ohm transmission line loading model.  For the details of this model, 
   and for more information on accounting for different loading conditions, 
   please see the device datasheet.



Data Sheet report:
-----------------
All values displayed in nanoseconds (ns)

Setup/Hold to clock ac97_bit_clock
-------------+------------+------------+--------------------+--------+
             |  Setup to  |  Hold to   |                    | Clock  |
Source       | clk (edge) | clk (edge) |Internal Clock(s)   | Phase  |
-------------+------------+------------+--------------------+--------+
ac97_sdata_in|   -2.618(F)|    2.890(F)|ac97_bit_clock_BUFGP|   0.000|
-------------+------------+------------+--------------------+--------+

Setup/Hold to clock clock_27mhz
------------+------------+------------+------------------+--------+
            |  Setup to  |  Hold to   |                  | Clock  |
Source      | clk (edge) | clk (edge) |Internal Clock(s) | Phase  |
------------+------------+------------+------------------+--------+
button_down |    3.064(R)|   -1.707(R)|clock_27mhz_IBUFG |   0.000|
button_up   |    8.829(R)|   -2.723(R)|clock_27mhz_IBUFG |   0.000|
switch<0>   |    3.382(R)|   -0.885(R)|clock_65mhz       |   0.000|
switch<1>   |    3.475(R)|   -0.910(R)|clock_65mhz       |   0.000|
switch<4>   |   12.815(R)|   -5.737(R)|clock_27mhz_IBUFG |   0.000|
switch<5>   |   13.630(R)|   -6.369(R)|clock_27mhz_IBUFG |   0.000|
switch<6>   |   11.699(R)|   -6.089(R)|clock_27mhz_IBUFG |   0.000|
switch<7>   |   12.734(R)|   -6.154(R)|clock_27mhz_IBUFG |   0.000|
------------+------------+------------+------------------+--------+

Clock ac97_bit_clock to Pad
--------------+------------+--------------------+--------+
              | clk (edge) |                    | Clock  |
Destination   |   to PAD   |Internal Clock(s)   | Phase  |
--------------+------------+--------------------+--------+
ac97_sdata_out|   13.424(R)|ac97_bit_clock_BUFGP|   0.000|
ac97_synch    |   13.711(R)|ac97_bit_clock_BUFGP|   0.000|
--------------+------------+--------------------+--------+

Clock clock_27mhz to Pad
----------------+------------+------------------+--------+
                | clk (edge) |                  | Clock  |
Destination     |   to PAD   |Internal Clock(s) | Phase  |
----------------+------------+------------------+--------+
audio_reset_b   |   10.755(R)|clock_27mhz_IBUFG |   0.000|
led<0>          |   12.888(R)|clock_27mhz_IBUFG |   0.000|
led<1>          |   11.756(R)|clock_27mhz_IBUFG |   0.000|
led<2>          |   11.431(R)|clock_27mhz_IBUFG |   0.000|
led<3>          |   12.194(R)|clock_27mhz_IBUFG |   0.000|
led<4>          |   10.992(R)|clock_27mhz_IBUFG |   0.000|
vga_out_blank_b |   13.574(R)|clock_65mhz       |   0.000|
vga_out_blue<0> |   14.032(R)|clock_65mhz       |   0.000|
vga_out_blue<1> |   14.049(R)|clock_65mhz       |   0.000|
vga_out_blue<2> |   14.969(R)|clock_65mhz       |   0.000|
vga_out_blue<3> |   16.231(R)|clock_65mhz       |   0.000|
vga_out_blue<4> |   15.901(R)|clock_65mhz       |   0.000|
vga_out_blue<5> |   16.198(R)|clock_65mhz       |   0.000|
vga_out_blue<6> |   17.747(R)|clock_65mhz       |   0.000|
vga_out_blue<7> |   18.046(R)|clock_65mhz       |   0.000|
vga_out_green<0>|   12.587(R)|clock_65mhz       |   0.000|
vga_out_green<1>|   13.556(R)|clock_65mhz       |   0.000|
vga_out_green<2>|   12.404(R)|clock_65mhz       |   0.000|
vga_out_green<3>|   12.346(R)|clock_65mhz       |   0.000|
vga_out_green<4>|   14.102(R)|clock_65mhz       |   0.000|
vga_out_green<5>|   13.754(R)|clock_65mhz       |   0.000|
vga_out_green<6>|   14.049(R)|clock_65mhz       |   0.000|
vga_out_green<7>|   13.924(R)|clock_65mhz       |   0.000|
vga_out_hsync   |   12.094(R)|clock_65mhz       |   0.000|
vga_out_red<0>  |   13.260(R)|clock_65mhz       |   0.000|
vga_out_red<1>  |   13.157(R)|clock_65mhz       |   0.000|
vga_out_red<2>  |   13.571(R)|clock_65mhz       |   0.000|
vga_out_red<3>  |   13.564(R)|clock_65mhz       |   0.000|
vga_out_red<4>  |   15.110(R)|clock_65mhz       |   0.000|
vga_out_red<5>  |   13.856(R)|clock_65mhz       |   0.000|
vga_out_red<6>  |   15.400(R)|clock_65mhz       |   0.000|
vga_out_red<7>  |   14.176(R)|clock_65mhz       |   0.000|
vga_out_vsync   |   14.230(R)|clock_65mhz       |   0.000|
----------------+------------+------------------+--------+

Clock to Setup on destination clock ac97_bit_clock
---------------+---------+---------+---------+---------+
               | Src:Rise| Src:Fall| Src:Rise| Src:Fall|
Source Clock   |Dest:Rise|Dest:Rise|Dest:Fall|Dest:Fall|
---------------+---------+---------+---------+---------+
ac97_bit_clock |    8.219|         |    7.315|    4.175|
clock_27mhz    |    3.463|         |         |         |
---------------+---------+---------+---------+---------+

Clock to Setup on destination clock clock_27mhz
---------------+---------+---------+---------+---------+
               | Src:Rise| Src:Fall| Src:Rise| Src:Fall|
Source Clock   |Dest:Rise|Dest:Rise|Dest:Fall|Dest:Fall|
---------------+---------+---------+---------+---------+
ac97_bit_clock |    4.159|    5.493|         |         |
clock_27mhz    |   15.842|         |         |         |
---------------+---------+---------+---------+---------+

Pad to Pad
---------------+-------------------+---------+
Source Pad     |Destination Pad    |  Delay  |
---------------+-------------------+---------+
clock_27mhz    |vga_out_pixel_clock|   11.452|
---------------+-------------------+---------+


Analysis completed Thu Dec  3 14:08:20 2015 
--------------------------------------------------------------------------------

Trace Settings:
-------------------------
Trace Settings 

Peak Memory Usage: 650 MB



