Release 10.1.03 - xst K.39 (lin64)
Copyright (c) 1995-2008 Xilinx, Inc.  All rights reserved.
--> 
Parameter TMPDIR set to /afs/athena.mit.edu/user/m/q/mqiu/Downloads/6111/bodydrums/lab5_12bit_24khz/xst/projnav.tmp


Total REAL time to Xst completion: 0.00 secs
Total CPU time to Xst completion: 0.05 secs
 
--> 
Parameter xsthdpdir set to /afs/athena.mit.edu/user/m/q/mqiu/Downloads/6111/bodydrums/lab5_12bit_24khz/xst


Total REAL time to Xst completion: 0.00 secs
Total CPU time to Xst completion: 0.05 secs
 
--> 
Reading design: lab5_12bit.prj

TABLE OF CONTENTS
  1) Synthesis Options Summary
  2) HDL Compilation
  3) Design Hierarchy Analysis
  4) HDL Analysis
  5) HDL Synthesis
     5.1) HDL Synthesis Report
  6) Advanced HDL Synthesis
     6.1) Advanced HDL Synthesis Report
  7) Low Level Synthesis
  8) Partition Report
  9) Final Report
     9.1) Device utilization summary
     9.2) Partition Resource Summary
     9.3) TIMING REPORT


=========================================================================
*                      Synthesis Options Summary                        *
=========================================================================
---- Source Parameters
Input File Name                    : "lab5_12bit.prj"
Input Format                       : mixed
Ignore Synthesis Constraint File   : NO

---- Target Parameters
Output File Name                   : "lab5_12bit"
Output Format                      : NGC
Target Device                      : xc2v6000-4-bf957

---- Source Options
Top Module Name                    : lab5_12bit
Automatic FSM Extraction           : YES
FSM Encoding Algorithm             : Auto
Safe Implementation                : No
FSM Style                          : lut
RAM Extraction                     : Yes
RAM Style                          : Auto
ROM Extraction                     : Yes
Mux Style                          : Auto
Decoder Extraction                 : YES
Priority Encoder Extraction        : YES
Shift Register Extraction          : YES
Logical Shifter Extraction         : YES
XOR Collapsing                     : YES
ROM Style                          : Auto
Mux Extraction                     : YES
Resource Sharing                   : YES
Asynchronous To Synchronous        : NO
Multiplier Style                   : auto
Automatic Register Balancing       : No

---- Target Options
Add IO Buffers                     : YES
Global Maximum Fanout              : 500
Add Generic Clock Buffer(BUFG)     : 16
Register Duplication               : YES
Slice Packing                      : YES
Optimize Instantiated Primitives   : NO
Convert Tristates To Logic         : Yes
Use Clock Enable                   : Yes
Use Synchronous Set                : Yes
Use Synchronous Reset              : Yes
Pack IO Registers into IOBs        : auto
Equivalent register Removal        : YES

---- General Options
Optimization Goal                  : Speed
Optimization Effort                : 1
Library Search Order               : lab5_12bit.lso
Keep Hierarchy                     : NO
Netlist Hierarchy                  : as_optimized
RTL Output                         : Yes
Global Optimization                : AllClockNets
Read Cores                         : YES
Write Timing Constraints           : NO
Cross Clock Analysis               : NO
Hierarchy Separator                : /
Bus Delimiter                      : <>
Case Specifier                     : maintain
Slice Utilization Ratio            : 100
BRAM Utilization Ratio             : 100
Verilog 2001                       : YES
Auto BRAM Packing                  : NO
Slice Utilization Ratio Delta      : 5

=========================================================================


=========================================================================
*                          HDL Compilation                              *
=========================================================================
Compiling verilog file "lab5.v" in library work
Module <debounce> compiled
Module <lab5audio> compiled
Module <ac97> compiled
Module <ac97commands> compiled
Module <tone750hz> compiled
Module <lab5_12bit> compiled
Module <recorder> compiled
Module <mybram> compiled
Module <fir31> compiled
Module <coeffs31> compiled
No errors in compilation
Analysis of file <"lab5_12bit.prj"> succeeded.
 

=========================================================================
*                     Design Hierarchy Analysis                         *
=========================================================================
Analyzing hierarchy for module <lab5_12bit> in library <work>.

Analyzing hierarchy for module <debounce> in library <work>.

Analyzing hierarchy for module <lab5audio> in library <work>.

Analyzing hierarchy for module <recorder> in library <work> with parameters.
	BITS_PER_SAMPLE = "00000000000000000000000000001100"
	BRAM_LOG_SIZE = "00000000000000000000000000010001"
	MAX_ADDR = "11111111111111111"

Analyzing hierarchy for module <ac97> in library <work>.

Analyzing hierarchy for module <ac97commands> in library <work>.

Analyzing hierarchy for module <mybram> in library <work> with parameters.
	LOGSIZE = "00000000000000000000000000010001"
	WIDTH = "00000000000000000000000000001100"


=========================================================================
*                            HDL Analysis                               *
=========================================================================
Analyzing top module <lab5_12bit>.
Module <lab5_12bit> is correct for synthesis.
 
    Set user-defined property "INIT =  FFFF" for instance <reset_sr> in unit <lab5_12bit>.
Analyzing module <debounce> in library <work>.
Module <debounce> is correct for synthesis.
 
Analyzing module <lab5audio> in library <work>.
Module <lab5audio> is correct for synthesis.
 
Analyzing module <ac97> in library <work>.
INFO:Xst:1432 - Contents of array <l_cmd_addr> may be accessed with a negative index, causing simulation mismatch.
INFO:Xst:1433 - Contents of array <l_cmd_addr> may be accessed with an index that exceeds the array size. This could cause simulation mismatch.
INFO:Xst:1432 - Contents of array <l_cmd_data> may be accessed with a negative index, causing simulation mismatch.
INFO:Xst:1433 - Contents of array <l_cmd_data> may be accessed with an index that exceeds the array size. This could cause simulation mismatch.
INFO:Xst:1432 - Contents of array <l_right_data> may be accessed with a negative index, causing simulation mismatch.
INFO:Xst:1433 - Contents of array <l_right_data> may be accessed with an index that exceeds the array size. This could cause simulation mismatch.
Module <ac97> is correct for synthesis.
 
    Set user-defined property "INIT =  0" for signal <ready> in unit <ac97>.
    Set user-defined property "INIT =  00000" for signal <left_in_data> in unit <ac97>.
    Set user-defined property "INIT =  00000" for signal <right_in_data> in unit <ac97>.
    Set user-defined property "INIT =  0" for signal <ac97_sdata_out> in unit <ac97>.
    Set user-defined property "INIT =  0" for signal <ac97_synch> in unit <ac97>.
    Set user-defined property "INIT =  0000" for signal <bit_count>.
    Set user-defined property "INIT =  0" for signal <l_left_v>.
    Set user-defined property "INIT =  0" for signal <l_right_v>.
    Set user-defined property "INIT =  0" for signal <l_cmd_v>.
Analyzing module <ac97commands> in library <work>.
Module <ac97commands> is correct for synthesis.
 
    Set user-defined property "INIT =  0" for signal <command_valid> in unit <ac97commands>.
    Set user-defined property "INIT =  0000" for signal <state>.
    Set user-defined property "INIT =  0" for signal <command>.
Analyzing module <recorder> in library <work>.
	BITS_PER_SAMPLE = 32'sb00000000000000000000000000001100
	BRAM_LOG_SIZE = 32'sb00000000000000000000000000010001
	MAX_ADDR = 17'b11111111111111111
Module <recorder> is correct for synthesis.
 
Analyzing module <mybram> in library <work>.
	LOGSIZE = 32'sb00000000000000000000000000010001
	WIDTH = 32'sb00000000000000000000000000001100
Module <mybram> is correct for synthesis.
 
    Set property "ram_style = block" for signal <mem>.

=========================================================================
*                           HDL Synthesis                               *
=========================================================================

Performing bidirectional port resolution...
INFO:Xst:2561 - Always blocking tristate driving signal <flash_data> in unit <lab5_12bit> is removed.
INFO:Xst:2561 - Always blocking tristate driving signal <ram0_data> in unit <lab5_12bit> is removed.
INFO:Xst:2561 - Always blocking tristate driving signal <user2> in unit <lab5_12bit> is removed.
INFO:Xst:2561 - Always blocking tristate driving signal <user3> in unit <lab5_12bit> is removed.
INFO:Xst:2561 - Always blocking tristate driving signal <user4> in unit <lab5_12bit> is removed.
INFO:Xst:2561 - Always blocking tristate driving signal <ram1_data> in unit <lab5_12bit> is removed.
INFO:Xst:2561 - Always blocking tristate driving signal <daughtercard> in unit <lab5_12bit> is removed.
INFO:Xst:2561 - Always blocking tristate driving signal <systemace_data> in unit <lab5_12bit> is removed.
INFO:Xst:2561 - Always blocking tristate driving signal <tv_in_i2c_data> in unit <lab5_12bit> is removed.

Synthesizing Unit <debounce>.
    Related source file is "lab5.v".
    Found 1-bit register for signal <clean>.
    Found 19-bit up counter for signal <count>.
    Found 1-bit xor2 for signal <count$xor0000> created at line 22.
    Found 1-bit register for signal <new>.
    Summary:
	inferred   1 Counter(s).
	inferred   2 D-type flip-flop(s).
Unit <debounce> synthesized.


Synthesizing Unit <ac97>.
    Related source file is "lab5.v".
    Register <l_right_v> equivalent to <l_left_v> has been removed
    Found 20-bit register for signal <left_in_data>.
    Found 1-bit register for signal <ac97_synch>.
    Found 1-bit register for signal <ac97_sdata_out>.
    Found 20-bit register for signal <right_in_data>.
    Found 1-bit register for signal <ready>.
    Found 1-bit 20-to-1 multiplexer for signal <$varindex0000> created at line 191.
    Found 1-bit 20-to-1 multiplexer for signal <$varindex0001> created at line 194.
    Found 1-bit 20-to-1 multiplexer for signal <$varindex0002> created at line 202.
    Found 9-bit comparator greatequal for signal <ac97_sdata_out$cmp_ge0000> created at line 200.
    Found 9-bit comparator lessequal for signal <ac97_sdata_out$cmp_le0000> created at line 200.
    Found 9-bit up counter for signal <bit_count>.
    Found 20-bit register for signal <l_cmd_addr>.
    Found 20-bit register for signal <l_cmd_data>.
    Found 1-bit register for signal <l_cmd_v>.
    Found 20-bit register for signal <l_left_data>.
    Found 9-bit comparator greatequal for signal <l_left_data$cmp_ge0000> created at line 189.
    Found 9-bit comparator greatequal for signal <l_left_data$cmp_ge0001> created at line 192.
    Found 9-bit comparator greatequal for signal <l_left_data$cmp_ge0002> created at line 195.
    Found 9-bit comparator greater for signal <l_left_data$cmp_gt0000> created at line 195.
    Found 9-bit comparator greater for signal <l_left_data$cmp_gt0001> created at line 192.
    Found 9-bit comparator greater for signal <l_left_data$cmp_gt0002> created at line 189.
    Found 9-bit comparator lessequal for signal <l_left_data$cmp_le0000> created at line 179.
    Found 9-bit comparator lessequal for signal <l_left_data$cmp_le0001> created at line 189.
    Found 9-bit comparator lessequal for signal <l_left_data$cmp_le0002> created at line 192.
    Found 9-bit comparator lessequal for signal <l_left_data$cmp_le0003> created at line 195.
    Found 9-bit comparator less for signal <l_left_data$cmp_lt0000> created at line 195.
    Found 9-bit comparator less for signal <l_left_data$cmp_lt0001> created at line 192.
    Found 9-bit comparator less for signal <l_left_data$cmp_lt0002> created at line 189.
    Found 1-bit register for signal <l_left_v>.
    Found 20-bit register for signal <l_right_data>.
    Found 9-bit comparator greatequal for signal <left_in_data$cmp_ge0000> created at line 210.
    Found 9-bit comparator lessequal for signal <left_in_data$cmp_le0000> created at line 210.
    Found 9-bit comparator greater for signal <right_in_data$cmp_gt0000> created at line 213.
    Found 9-bit comparator less for signal <right_in_data$cmp_lt0000> created at line 213.
    Summary:
	inferred   1 Counter(s).
	inferred 125 D-type flip-flop(s).
	inferred   3 Adder/Subtractor(s).
	inferred  19 Comparator(s).
	inferred   3 Multiplexer(s).
Unit <ac97> synthesized.


Synthesizing Unit <ac97commands>.
    Related source file is "lab5.v".
    Found 1-bit register for signal <command_valid>.
    Found 24-bit register for signal <command>.
    Found 4-bit up counter for signal <state>.
    Found 5-bit adder for signal <vol>.
    Summary:
	inferred   1 Counter(s).
	inferred  25 D-type flip-flop(s).
	inferred   1 Adder/Subtractor(s).
Unit <ac97commands> synthesized.


Synthesizing Unit <mybram>.
    Related source file is "lab5.v".
    Found 131072x12-bit single-port RAM <Mram_mem> for signal <mem>.
    Found 12-bit register for signal <dout>.
    Summary:
	inferred   1 RAM(s).
	inferred  12 D-type flip-flop(s).
Unit <mybram> synthesized.


Synthesizing Unit <lab5audio>.
    Related source file is "lab5.v".
WARNING:Xst:646 - Signal <right_in_data> is assigned but never used. This unconnected signal will be trimmed during the optimization process.
WARNING:Xst:646 - Signal <left_in_data<7:0>> is assigned but never used. This unconnected signal will be trimmed during the optimization process.
    Found 1-bit register for signal <audio_reset_b>.
    Found 12-bit register for signal <out_data>.
    Found 3-bit register for signal <ready_sync>.
    Found 10-bit up counter for signal <reset_count>.
    Summary:
	inferred   1 Counter(s).
	inferred  16 D-type flip-flop(s).
Unit <lab5audio> synthesized.


Synthesizing Unit <recorder>.
    Related source file is "lab5.v".
WARNING:Xst:647 - Input <filter> is never used. This port will be preserved and left unconnected if it belongs to a top-level block or it belongs to a sub-block and the hierarchy of this sub-block is preserved.
    Found 12-bit register for signal <to_ac97_data>.
    Found 17-bit register for signal <currentaddr>.
    Found 17-bit comparator greatequal for signal <currentaddr$cmp_ge0000> created at line 772.
    Found 17-bit comparator greatequal for signal <currentaddr$cmp_ge0001> created at line 763.
    Found 17-bit comparator less for signal <currentaddr$cmp_lt0000> created at line 772.
    Found 17-bit adder for signal <currentaddr$share0000>.
    Found 1-bit xor2 for signal <currentaddr$xor0000> created at line 746.
    Found 17-bit register for signal <highestaddr>.
    Found 17-bit adder for signal <highestaddr$addsub0000> created at line 780.
    Found 1-bit register for signal <lastplayback>.
    Found 12-bit register for signal <mem_in>.
    Summary:
	inferred  59 D-type flip-flop(s).
	inferred   2 Adder/Subtractor(s).
	inferred   3 Comparator(s).
Unit <recorder> synthesized.


Synthesizing Unit <lab5_12bit>.
    Related source file is "lab5.v".
WARNING:Xst:2565 - Inout <user3<28>> is never assigned.
WARNING:Xst:2565 - Inout <user3<4>> is never assigned.
WARNING:Xst:2565 - Inout <user3<29>> is never assigned.
WARNING:Xst:2565 - Inout <user3<5>> is never assigned.
WARNING:Xst:647 - Input <button0> is never used. This port will be preserved and left unconnected if it belongs to a top-level block or it belongs to a sub-block and the hierarchy of this sub-block is preserved.
WARNING:Xst:647 - Input <button1> is never used. This port will be preserved and left unconnected if it belongs to a top-level block or it belongs to a sub-block and the hierarchy of this sub-block is preserved.
WARNING:Xst:647 - Input <button2> is never used. This port will be preserved and left unconnected if it belongs to a top-level block or it belongs to a sub-block and the hierarchy of this sub-block is preserved.
WARNING:Xst:647 - Input <button3> is never used. This port will be preserved and left unconnected if it belongs to a top-level block or it belongs to a sub-block and the hierarchy of this sub-block is preserved.
WARNING:Xst:2565 - Inout <user3<6>> is never assigned.
WARNING:Xst:2565 - Inout <user3<7>> is never assigned.
WARNING:Xst:2565 - Inout <user3<8>> is never assigned.
WARNING:Xst:2565 - Inout <user3<9>> is never assigned.
WARNING:Xst:2565 - Inout <daughtercard<10>> is never assigned.
WARNING:Xst:2565 - Inout <flash_data<10>> is never assigned.
WARNING:Xst:2565 - Inout <daughtercard<11>> is never assigned.
WARNING:Xst:2565 - Inout <flash_data<11>> is never assigned.
WARNING:Xst:647 - Input <clock1> is never used. This port will be preserved and left unconnected if it belongs to a top-level block or it belongs to a sub-block and the hierarchy of this sub-block is preserved.
WARNING:Xst:647 - Input <clock2> is never used. This port will be preserved and left unconnected if it belongs to a top-level block or it belongs to a sub-block and the hierarchy of this sub-block is preserved.
WARNING:Xst:2565 - Inout <daughtercard<12>> is never assigned.
WARNING:Xst:2565 - Inout <flash_data<12>> is never assigned.
WARNING:Xst:2565 - Inout <daughtercard<13>> is never assigned.
WARNING:Xst:2565 - Inout <flash_data<13>> is never assigned.
WARNING:Xst:647 - Input <tv_in_aef> is never used. This port will be preserved and left unconnected if it belongs to a top-level block or it belongs to a sub-block and the hierarchy of this sub-block is preserved.
WARNING:Xst:2565 - Inout <daughtercard<14>> is never assigned.
WARNING:Xst:2565 - Inout <flash_data<14>> is never assigned.
WARNING:Xst:647 - Input <tv_in_aff> is never used. This port will be preserved and left unconnected if it belongs to a top-level block or it belongs to a sub-block and the hierarchy of this sub-block is preserved.
WARNING:Xst:2565 - Inout <daughtercard<15>> is never assigned.
WARNING:Xst:2565 - Inout <daughtercard<20>> is never assigned.
WARNING:Xst:2565 - Inout <flash_data<15>> is never assigned.
WARNING:Xst:2565 - Inout <daughtercard<21>> is never assigned.
WARNING:Xst:2565 - Inout <daughtercard<16>> is never assigned.
WARNING:Xst:2565 - Inout <daughtercard<22>> is never assigned.
WARNING:Xst:2565 - Inout <daughtercard<17>> is never assigned.
WARNING:Xst:647 - Input <systemace_irq> is never used. This port will be preserved and left unconnected if it belongs to a top-level block or it belongs to a sub-block and the hierarchy of this sub-block is preserved.
WARNING:Xst:2565 - Inout <daughtercard<18>> is never assigned.
WARNING:Xst:2565 - Inout <daughtercard<23>> is never assigned.
WARNING:Xst:2565 - Inout <flash_data<0>> is never assigned.
WARNING:Xst:647 - Input <clock_feedback_in> is never used. This port will be preserved and left unconnected if it belongs to a top-level block or it belongs to a sub-block and the hierarchy of this sub-block is preserved.
WARNING:Xst:2565 - Inout <daughtercard<19>> is never assigned.
WARNING:Xst:2565 - Inout <daughtercard<24>> is never assigned.
WARNING:Xst:2565 - Inout <flash_data<1>> is never assigned.
WARNING:Xst:647 - Input <disp_data_in> is never used. This port will be preserved and left unconnected if it belongs to a top-level block or it belongs to a sub-block and the hierarchy of this sub-block is preserved.
WARNING:Xst:2565 - Inout <user2<10>> is never assigned.
WARNING:Xst:2565 - Inout <daughtercard<25>> is never assigned.
WARNING:Xst:2565 - Inout <daughtercard<30>> is never assigned.
WARNING:Xst:2565 - Inout <flash_data<2>> is never assigned.
WARNING:Xst:2565 - Inout <user2<11>> is never assigned.
WARNING:Xst:2565 - Inout <daughtercard<31>> is never assigned.
WARNING:Xst:2565 - Inout <daughtercard<26>> is never assigned.
WARNING:Xst:2565 - Inout <flash_data<3>> is never assigned.
WARNING:Xst:2565 - Inout <user2<12>> is never assigned.
WARNING:Xst:2565 - Inout <daughtercard<32>> is never assigned.
WARNING:Xst:2565 - Inout <daughtercard<27>> is never assigned.
WARNING:Xst:2565 - Inout <flash_data<4>> is never assigned.
WARNING:Xst:2565 - Inout <user2<13>> is never assigned.
WARNING:Xst:2565 - Inout <daughtercard<33>> is never assigned.
WARNING:Xst:2565 - Inout <daughtercard<28>> is never assigned.
WARNING:Xst:2565 - Inout <flash_data<5>> is never assigned.
WARNING:Xst:2565 - Inout <user4<0>> is never assigned.
WARNING:Xst:2565 - Inout <user2<14>> is never assigned.
WARNING:Xst:2565 - Inout <daughtercard<34>> is never assigned.
WARNING:Xst:2565 - Inout <daughtercard<29>> is never assigned.
WARNING:Xst:2565 - Inout <flash_data<6>> is never assigned.
WARNING:Xst:2565 - Inout <user4<1>> is never assigned.
WARNING:Xst:2565 - Inout <user2<15>> is never assigned.
WARNING:Xst:2565 - Inout <user2<20>> is never assigned.
WARNING:Xst:2565 - Inout <daughtercard<40>> is never assigned.
WARNING:Xst:2565 - Inout <daughtercard<35>> is never assigned.
WARNING:Xst:2565 - Inout <flash_data<7>> is never assigned.
WARNING:Xst:2565 - Inout <user4<2>> is never assigned.
WARNING:Xst:2565 - Inout <user2<21>> is never assigned.
WARNING:Xst:2565 - Inout <user2<16>> is never assigned.
WARNING:Xst:2565 - Inout <daughtercard<41>> is never assigned.
WARNING:Xst:2565 - Inout <daughtercard<36>> is never assigned.
WARNING:Xst:2565 - Inout <flash_data<8>> is never assigned.
WARNING:Xst:2565 - Inout <user1<0>> is never assigned.
WARNING:Xst:2565 - Inout <user4<3>> is never assigned.
WARNING:Xst:2565 - Inout <user2<17>> is never assigned.
WARNING:Xst:2565 - Inout <user2<22>> is never assigned.
WARNING:Xst:2565 - Inout <daughtercard<37>> is never assigned.
WARNING:Xst:2565 - Inout <daughtercard<42>> is never assigned.
WARNING:Xst:2565 - Inout <flash_data<9>> is never assigned.
WARNING:Xst:2565 - Inout <user1<1>> is never assigned.
WARNING:Xst:2565 - Inout <user4<4>> is never assigned.
WARNING:Xst:2565 - Inout <user2<23>> is never assigned.
WARNING:Xst:2565 - Inout <user2<18>> is never assigned.
WARNING:Xst:647 - Input <keyboard_clock> is never used. This port will be preserved and left unconnected if it belongs to a top-level block or it belongs to a sub-block and the hierarchy of this sub-block is preserved.
WARNING:Xst:2565 - Inout <daughtercard<38>> is never assigned.
WARNING:Xst:2565 - Inout <daughtercard<43>> is never assigned.
WARNING:Xst:2565 - Inout <user1<2>> is never assigned.
WARNING:Xst:2565 - Inout <user4<5>> is never assigned.
WARNING:Xst:2565 - Inout <user2<24>> is never assigned.
WARNING:Xst:2565 - Inout <user2<19>> is never assigned.
WARNING:Xst:2565 - Inout <daughtercard<39>> is never assigned.
WARNING:Xst:2565 - Inout <user1<3>> is never assigned.
WARNING:Xst:2565 - Inout <tv_in_i2c_data> is never assigned.
WARNING:Xst:2565 - Inout <user4<6>> is never assigned.
WARNING:Xst:2565 - Inout <user2<30>> is never assigned.
WARNING:Xst:2565 - Inout <user2<25>> is never assigned.
WARNING:Xst:2565 - Inout <user1<4>> is never assigned.
WARNING:Xst:2565 - Inout <user4<7>> is never assigned.
WARNING:Xst:2565 - Inout <user2<26>> is never assigned.
WARNING:Xst:2565 - Inout <user2<31>> is never assigned.
WARNING:Xst:2565 - Inout <user1<5>> is never assigned.
WARNING:Xst:647 - Input <flash_sts> is never used. This port will be preserved and left unconnected if it belongs to a top-level block or it belongs to a sub-block and the hierarchy of this sub-block is preserved.
WARNING:Xst:2565 - Inout <user4<8>> is never assigned.
WARNING:Xst:647 - Input <rs232_rxd> is never used. This port will be preserved and left unconnected if it belongs to a top-level block or it belongs to a sub-block and the hierarchy of this sub-block is preserved.
WARNING:Xst:2565 - Inout <user2<27>> is never assigned.
WARNING:Xst:2565 - Inout <user1<6>> is never assigned.
WARNING:Xst:2565 - Inout <user4<9>> is never assigned.
WARNING:Xst:2565 - Inout <user2<28>> is never assigned.
WARNING:Xst:647 - Input <mouse_data> is never used. This port will be preserved and left unconnected if it belongs to a top-level block or it belongs to a sub-block and the hierarchy of this sub-block is preserved.
WARNING:Xst:2565 - Inout <user1<7>> is never assigned.
WARNING:Xst:647 - Input <rs232_cts> is never used. This port will be preserved and left unconnected if it belongs to a top-level block or it belongs to a sub-block and the hierarchy of this sub-block is preserved.
WARNING:Xst:2565 - Inout <user2<29>> is never assigned.
WARNING:Xst:2565 - Inout <user1<8>> is never assigned.
WARNING:Xst:2565 - Inout <user1<9>> is never assigned.
WARNING:Xst:2565 - Inout <daughtercard<0>> is never assigned.
WARNING:Xst:2565 - Inout <user4<10>> is never assigned.
WARNING:Xst:2565 - Inout <daughtercard<1>> is never assigned.
WARNING:Xst:647 - Input <switch<7:1>> is never used. This port will be preserved and left unconnected if it belongs to a top-level block or it belongs to a sub-block and the hierarchy of this sub-block is preserved.
WARNING:Xst:2565 - Inout <user4<11>> is never assigned.
WARNING:Xst:2565 - Inout <daughtercard<2>> is never assigned.
WARNING:Xst:2565 - Inout <user4<12>> is never assigned.
WARNING:Xst:2565 - Inout <daughtercard<3>> is never assigned.
WARNING:Xst:2565 - Inout <user4<13>> is never assigned.
WARNING:Xst:2565 - Inout <daughtercard<4>> is never assigned.
WARNING:Xst:2565 - Inout <user4<14>> is never assigned.
WARNING:Xst:2565 - Inout <daughtercard<5>> is never assigned.
WARNING:Xst:2565 - Inout <user4<20>> is never assigned.
WARNING:Xst:2565 - Inout <user4<15>> is never assigned.
WARNING:Xst:2565 - Inout <daughtercard<6>> is never assigned.
WARNING:Xst:2565 - Inout <ram0_data<0>> is never assigned.
WARNING:Xst:2565 - Inout <user4<16>> is never assigned.
WARNING:Xst:2565 - Inout <user4<21>> is never assigned.
WARNING:Xst:2565 - Inout <ram1_data<10>> is never assigned.
WARNING:Xst:2565 - Inout <daughtercard<7>> is never assigned.
WARNING:Xst:2565 - Inout <ram0_data<1>> is never assigned.
WARNING:Xst:2565 - Inout <user4<22>> is never assigned.
WARNING:Xst:2565 - Inout <user4<17>> is never assigned.
WARNING:Xst:2565 - Inout <ram1_data<11>> is never assigned.
WARNING:Xst:2565 - Inout <daughtercard<8>> is never assigned.
WARNING:Xst:2565 - Inout <ram0_data<2>> is never assigned.
WARNING:Xst:2565 - Inout <user4<23>> is never assigned.
WARNING:Xst:2565 - Inout <user4<18>> is never assigned.
WARNING:Xst:647 - Input <button_left> is never used. This port will be preserved and left unconnected if it belongs to a top-level block or it belongs to a sub-block and the hierarchy of this sub-block is preserved.
WARNING:Xst:2565 - Inout <ram1_data<12>> is never assigned.
WARNING:Xst:2565 - Inout <daughtercard<9>> is never assigned.
WARNING:Xst:2565 - Inout <ram0_data<3>> is never assigned.
WARNING:Xst:2565 - Inout <user4<19>> is never assigned.
WARNING:Xst:2565 - Inout <user4<24>> is never assigned.
WARNING:Xst:2565 - Inout <ram1_data<13>> is never assigned.
WARNING:Xst:2565 - Inout <systemace_data<0>> is never assigned.
WARNING:Xst:2565 - Inout <ram0_data<4>> is never assigned.
WARNING:Xst:2565 - Inout <user4<30>> is never assigned.
WARNING:Xst:2565 - Inout <user4<25>> is never assigned.
WARNING:Xst:2565 - Inout <ram1_data<14>> is never assigned.
WARNING:Xst:2565 - Inout <systemace_data<1>> is never assigned.
WARNING:Xst:2565 - Inout <ram0_data<5>> is never assigned.
WARNING:Xst:2565 - Inout <user4<26>> is never assigned.
WARNING:Xst:2565 - Inout <user4<31>> is never assigned.
WARNING:Xst:2565 - Inout <ram1_data<20>> is never assigned.
WARNING:Xst:2565 - Inout <systemace_data<2>> is never assigned.
WARNING:Xst:2565 - Inout <ram1_data<15>> is never assigned.
WARNING:Xst:2565 - Inout <ram0_data<6>> is never assigned.
WARNING:Xst:2565 - Inout <user4<27>> is never assigned.
WARNING:Xst:2565 - Inout <systemace_data<3>> is never assigned.
WARNING:Xst:2565 - Inout <ram1_data<16>> is never assigned.
WARNING:Xst:2565 - Inout <ram1_data<21>> is never assigned.
WARNING:Xst:2565 - Inout <ram0_data<7>> is never assigned.
WARNING:Xst:647 - Input <tv_in_data_valid> is never used. This port will be preserved and left unconnected if it belongs to a top-level block or it belongs to a sub-block and the hierarchy of this sub-block is preserved.
WARNING:Xst:2565 - Inout <user4<28>> is never assigned.
WARNING:Xst:2565 - Inout <ram1_data<22>> is never assigned.
WARNING:Xst:2565 - Inout <systemace_data<4>> is never assigned.
WARNING:Xst:2565 - Inout <ram1_data<17>> is never assigned.
WARNING:Xst:647 - Input <tv_in_hff> is never used. This port will be preserved and left unconnected if it belongs to a top-level block or it belongs to a sub-block and the hierarchy of this sub-block is preserved.
WARNING:Xst:2565 - Inout <ram0_data<8>> is never assigned.
WARNING:Xst:2565 - Inout <user1<10>> is never assigned.
WARNING:Xst:2565 - Inout <user4<29>> is never assigned.
WARNING:Xst:2565 - Inout <ram1_data<23>> is never assigned.
WARNING:Xst:2565 - Inout <systemace_data<5>> is never assigned.
WARNING:Xst:2565 - Inout <ram1_data<18>> is never assigned.
WARNING:Xst:2565 - Inout <ram0_data<9>> is never assigned.
WARNING:Xst:2565 - Inout <user2<0>> is never assigned.
WARNING:Xst:2565 - Inout <user1<11>> is never assigned.
WARNING:Xst:647 - Input <tv_in_ycrcb> is never used. This port will be preserved and left unconnected if it belongs to a top-level block or it belongs to a sub-block and the hierarchy of this sub-block is preserved.
WARNING:Xst:2565 - Inout <ram0_data<10>> is never assigned.
WARNING:Xst:2565 - Inout <ram1_data<24>> is never assigned.
WARNING:Xst:2565 - Inout <systemace_data<6>> is never assigned.
WARNING:Xst:2565 - Inout <ram1_data<19>> is never assigned.
WARNING:Xst:2565 - Inout <user2<1>> is never assigned.
WARNING:Xst:2565 - Inout <user1<12>> is never assigned.
WARNING:Xst:2565 - Inout <ram0_data<11>> is never assigned.
WARNING:Xst:2565 - Inout <systemace_data<7>> is never assigned.
WARNING:Xst:2565 - Inout <ram1_data<25>> is never assigned.
WARNING:Xst:2565 - Inout <ram1_data<30>> is never assigned.
WARNING:Xst:2565 - Inout <user1<13>> is never assigned.
WARNING:Xst:2565 - Inout <user2<2>> is never assigned.
WARNING:Xst:2565 - Inout <ram0_data<12>> is never assigned.
WARNING:Xst:2565 - Inout <ram1_data<31>> is never assigned.
WARNING:Xst:2565 - Inout <systemace_data<8>> is never assigned.
WARNING:Xst:2565 - Inout <ram1_data<26>> is never assigned.
WARNING:Xst:2565 - Inout <user2<3>> is never assigned.
WARNING:Xst:2565 - Inout <user1<14>> is never assigned.
WARNING:Xst:2565 - Inout <ram0_data<13>> is never assigned.
WARNING:Xst:2565 - Inout <ram1_data<32>> is never assigned.
WARNING:Xst:2565 - Inout <systemace_data<9>> is never assigned.
WARNING:Xst:2565 - Inout <ram1_data<27>> is never assigned.
WARNING:Xst:2565 - Inout <user2<4>> is never assigned.
WARNING:Xst:2565 - Inout <user1<15>> is never assigned.
WARNING:Xst:2565 - Inout <user1<20>> is never assigned.
WARNING:Xst:2565 - Inout <ram0_data<14>> is never assigned.
WARNING:Xst:647 - Input <tv_in_line_clock1> is never used. This port will be preserved and left unconnected if it belongs to a top-level block or it belongs to a sub-block and the hierarchy of this sub-block is preserved.
WARNING:Xst:2565 - Inout <ram1_data<28>> is never assigned.
WARNING:Xst:2565 - Inout <ram1_data<33>> is never assigned.
WARNING:Xst:647 - Input <tv_in_line_clock2> is never used. This port will be preserved and left unconnected if it belongs to a top-level block or it belongs to a sub-block and the hierarchy of this sub-block is preserved.
WARNING:Xst:2565 - Inout <ram1_data<0>> is never assigned.
WARNING:Xst:2565 - Inout <user1<16>> is never assigned.
WARNING:Xst:2565 - Inout <user2<5>> is never assigned.
WARNING:Xst:2565 - Inout <user1<21>> is never assigned.
WARNING:Xst:2565 - Inout <ram0_data<20>> is never assigned.
WARNING:Xst:2565 - Inout <ram0_data<15>> is never assigned.
WARNING:Xst:2565 - Inout <ram1_data<29>> is never assigned.
WARNING:Xst:2565 - Inout <ram1_data<34>> is never assigned.
WARNING:Xst:647 - Input <keyboard_data> is never used. This port will be preserved and left unconnected if it belongs to a top-level block or it belongs to a sub-block and the hierarchy of this sub-block is preserved.
WARNING:Xst:2565 - Inout <ram1_data<1>> is never assigned.
WARNING:Xst:2565 - Inout <user1<17>> is never assigned.
WARNING:Xst:2565 - Inout <user2<6>> is never assigned.
WARNING:Xst:2565 - Inout <user1<22>> is never assigned.
WARNING:Xst:2565 - Inout <ram0_data<21>> is never assigned.
WARNING:Xst:2565 - Inout <ram0_data<16>> is never assigned.
WARNING:Xst:2565 - Inout <ram1_data<35>> is never assigned.
WARNING:Xst:2565 - Inout <ram1_data<2>> is never assigned.
WARNING:Xst:2565 - Inout <user1<18>> is never assigned.
WARNING:Xst:2565 - Inout <user2<7>> is never assigned.
WARNING:Xst:2565 - Inout <user1<23>> is never assigned.
WARNING:Xst:2565 - Inout <ram0_data<22>> is never assigned.
WARNING:Xst:2565 - Inout <ram0_data<17>> is never assigned.
WARNING:Xst:2565 - Inout <ram1_data<3>> is never assigned.
WARNING:Xst:2565 - Inout <systemace_data<10>> is never assigned.
WARNING:Xst:2565 - Inout <user1<24>> is never assigned.
WARNING:Xst:2565 - Inout <user2<8>> is never assigned.
WARNING:Xst:2565 - Inout <user1<19>> is never assigned.
WARNING:Xst:2565 - Inout <ram0_data<23>> is never assigned.
WARNING:Xst:2565 - Inout <ram0_data<18>> is never assigned.
WARNING:Xst:2565 - Inout <ram1_data<4>> is never assigned.
WARNING:Xst:2565 - Inout <systemace_data<11>> is never assigned.
WARNING:Xst:2565 - Inout <user1<25>> is never assigned.
WARNING:Xst:2565 - Inout <user2<9>> is never assigned.
WARNING:Xst:2565 - Inout <user1<30>> is never assigned.
WARNING:Xst:2565 - Inout <ram0_data<24>> is never assigned.
WARNING:Xst:2565 - Inout <ram0_data<19>> is never assigned.
WARNING:Xst:2565 - Inout <ram1_data<5>> is never assigned.
WARNING:Xst:2565 - Inout <systemace_data<12>> is never assigned.
WARNING:Xst:2565 - Inout <user1<26>> is never assigned.
WARNING:Xst:2565 - Inout <user1<31>> is never assigned.
WARNING:Xst:2565 - Inout <ram0_data<25>> is never assigned.
WARNING:Xst:2565 - Inout <ram0_data<30>> is never assigned.
WARNING:Xst:2565 - Inout <ram1_data<6>> is never assigned.
WARNING:Xst:2565 - Inout <systemace_data<13>> is never assigned.
WARNING:Xst:2565 - Inout <user1<27>> is never assigned.
WARNING:Xst:2565 - Inout <ram0_data<31>> is never assigned.
WARNING:Xst:2565 - Inout <ram0_data<26>> is never assigned.
WARNING:Xst:2565 - Inout <ram1_data<7>> is never assigned.
WARNING:Xst:2565 - Inout <systemace_data<14>> is never assigned.
WARNING:Xst:2565 - Inout <user1<28>> is never assigned.
WARNING:Xst:2565 - Inout <ram0_data<32>> is never assigned.
WARNING:Xst:2565 - Inout <ram0_data<27>> is never assigned.
WARNING:Xst:2565 - Inout <ram1_data<8>> is never assigned.
WARNING:Xst:2565 - Inout <systemace_data<15>> is never assigned.
WARNING:Xst:2565 - Inout <user1<29>> is never assigned.
WARNING:Xst:2565 - Inout <ram0_data<28>> is never assigned.
WARNING:Xst:2565 - Inout <ram0_data<33>> is never assigned.
WARNING:Xst:647 - Input <systemace_mpbrdy> is never used. This port will be preserved and left unconnected if it belongs to a top-level block or it belongs to a sub-block and the hierarchy of this sub-block is preserved.
WARNING:Xst:2565 - Inout <ram1_data<9>> is never assigned.
WARNING:Xst:647 - Input <button_right> is never used. This port will be preserved and left unconnected if it belongs to a top-level block or it belongs to a sub-block and the hierarchy of this sub-block is preserved.
WARNING:Xst:2565 - Inout <ram0_data<34>> is never assigned.
WARNING:Xst:2565 - Inout <ram0_data<29>> is never assigned.
WARNING:Xst:2565 - Inout <ram0_data<35>> is never assigned.
WARNING:Xst:2565 - Inout <user3<10>> is never assigned.
WARNING:Xst:647 - Input <mouse_clock> is never used. This port will be preserved and left unconnected if it belongs to a top-level block or it belongs to a sub-block and the hierarchy of this sub-block is preserved.
WARNING:Xst:2565 - Inout <user3<11>> is never assigned.
WARNING:Xst:2565 - Inout <user3<12>> is never assigned.
WARNING:Xst:2565 - Inout <user3<13>> is never assigned.
WARNING:Xst:2565 - Inout <user3<14>> is never assigned.
WARNING:Xst:2565 - Inout <user3<20>> is never assigned.
WARNING:Xst:2565 - Inout <user3<15>> is never assigned.
WARNING:Xst:2565 - Inout <user3<21>> is never assigned.
WARNING:Xst:2565 - Inout <user3<16>> is never assigned.
WARNING:Xst:2565 - Inout <user3<22>> is never assigned.
WARNING:Xst:2565 - Inout <user3<17>> is never assigned.
WARNING:Xst:2565 - Inout <user3<23>> is never assigned.
WARNING:Xst:2565 - Inout <user3<18>> is never assigned.
WARNING:Xst:2565 - Inout <user3<24>> is never assigned.
WARNING:Xst:2565 - Inout <user3<19>> is never assigned.
WARNING:Xst:2565 - Inout <user3<0>> is never assigned.
WARNING:Xst:2565 - Inout <user3<30>> is never assigned.
WARNING:Xst:2565 - Inout <user3<25>> is never assigned.
WARNING:Xst:2565 - Inout <user3<1>> is never assigned.
WARNING:Xst:2565 - Inout <user3<26>> is never assigned.
WARNING:Xst:2565 - Inout <user3<31>> is never assigned.
WARNING:Xst:2565 - Inout <user3<2>> is never assigned.
WARNING:Xst:2565 - Inout <user3<27>> is never assigned.
WARNING:Xst:2565 - Inout <user3<3>> is never assigned.
    Found 1-bit register for signal <old_vdown>.
    Found 1-bit register for signal <old_vup>.
    Found 5-bit updown counter for signal <volume>.
    Summary:
	inferred   1 Counter(s).
	inferred   2 D-type flip-flop(s).
Unit <lab5_12bit> synthesized.

INFO:Xst:1767 - HDL ADVISOR - Resource sharing has identified that some arithmetic operations in this design can share the same physical resources for reduced device utilization. For improved clock frequency you may try to disable resource sharing.

=========================================================================
HDL Synthesis Report

Macro Statistics
# RAMs                                                 : 1
 131072x12-bit single-port RAM                         : 1
# Adders/Subtractors                                   : 6
 10-bit adder                                          : 3
 17-bit adder                                          : 2
 5-bit adder                                           : 1
# Counters                                             : 8
 10-bit up counter                                     : 1
 19-bit up counter                                     : 4
 4-bit up counter                                      : 1
 5-bit updown counter                                  : 1
 9-bit up counter                                      : 1
# Registers                                            : 32
 1-bit register                                        : 18
 12-bit register                                       : 4
 17-bit register                                       : 2
 20-bit register                                       : 6
 24-bit register                                       : 1
 3-bit register                                        : 1
# Comparators                                          : 22
 17-bit comparator greatequal                          : 2
 17-bit comparator less                                : 1
 9-bit comparator greatequal                           : 5
 9-bit comparator greater                              : 4
 9-bit comparator less                                 : 4
 9-bit comparator lessequal                            : 6
# Multiplexers                                         : 3
 1-bit 20-to-1 multiplexer                             : 3
# Xors                                                 : 5
 1-bit xor2                                            : 5

=========================================================================

=========================================================================
*                       Advanced HDL Synthesis                          *
=========================================================================

Loading device for application Rf_Device from file '2v6000.nph' in environment /afs/csail.mit.edu/proj/redsocs/Xilinx10.1/ISE.

Synthesizing (advanced) Unit <recorder>.
INFO:Xst - HDL ADVISOR - Asynchronous or synchronous initialization of the register <currentaddr> prevents it from being combined with the RAM <terrib/Mram_mem> for implementation as read-only block RAM.
    -----------------------------------------------------------------------
    | ram_type           | Distributed                         |          |
    -----------------------------------------------------------------------
    | Port A                                                              |
    |     aspect ratio   | 131072-word x 12-bit                |          |
    |     clkA           | connected to signal <clock>         | rise     |
    |     weA            | connected to signal <terrib_not0000> | high     |
    |     addrA          | connected to signal <currentaddr>   |          |
    |     diA            | connected to signal <mem_in>        |          |
    |     doA            | connected to internal node          |          |
    -----------------------------------------------------------------------
INFO:Xst - The RAM <terrib/Mram_mem> will be implemented as a BLOCK RAM, absorbing the following register(s): <terrib/dout>
    -----------------------------------------------------------------------
    | ram_type           | Block                               |          |
    -----------------------------------------------------------------------
    | Port A                                                              |
    |     aspect ratio   | 131072-word x 12-bit                |          |
    |     mode           | read-first                          |          |
    |     clkA           | connected to signal <clock>         | rise     |
    |     weA            | connected to signal <terrib_not0000> | high     |
    |     addrA          | connected to signal <currentaddr>   |          |
    |     diA            | connected to signal <mem_in>        |          |
    |     doA            | connected to signal <mem_out>       |          |
    -----------------------------------------------------------------------
    | optimization       | speed                               |          |
    -----------------------------------------------------------------------
Unit <recorder> synthesized (advanced).
WARNING:Xst:1426 - The value init of the FF/Latch l_left_v hinder the constant cleaning in the block ac97.
   You should achieve better results by setting this init to 1.
WARNING:Xst:1710 - FF/Latch <l_cmd_addr_0> (without init value) has a constant value of 0 in block <ac97>. This FF/Latch will be trimmed during the optimization process.
WARNING:Xst:1895 - Due to other FF/Latch trimming, FF/Latch <l_cmd_addr_1> (without init value) has a constant value of 0 in block <ac97>. This FF/Latch will be trimmed during the optimization process.
WARNING:Xst:1895 - Due to other FF/Latch trimming, FF/Latch <l_cmd_addr_2> (without init value) has a constant value of 0 in block <ac97>. This FF/Latch will be trimmed during the optimization process.
WARNING:Xst:1895 - Due to other FF/Latch trimming, FF/Latch <l_cmd_addr_3> (without init value) has a constant value of 0 in block <ac97>. This FF/Latch will be trimmed during the optimization process.
WARNING:Xst:1895 - Due to other FF/Latch trimming, FF/Latch <l_cmd_addr_4> (without init value) has a constant value of 0 in block <ac97>. This FF/Latch will be trimmed during the optimization process.
WARNING:Xst:1895 - Due to other FF/Latch trimming, FF/Latch <l_cmd_addr_5> (without init value) has a constant value of 0 in block <ac97>. This FF/Latch will be trimmed during the optimization process.
WARNING:Xst:1895 - Due to other FF/Latch trimming, FF/Latch <l_cmd_addr_6> (without init value) has a constant value of 0 in block <ac97>. This FF/Latch will be trimmed during the optimization process.
WARNING:Xst:1895 - Due to other FF/Latch trimming, FF/Latch <l_cmd_addr_7> (without init value) has a constant value of 0 in block <ac97>. This FF/Latch will be trimmed during the optimization process.
WARNING:Xst:1895 - Due to other FF/Latch trimming, FF/Latch <l_cmd_addr_8> (without init value) has a constant value of 0 in block <ac97>. This FF/Latch will be trimmed during the optimization process.
WARNING:Xst:1895 - Due to other FF/Latch trimming, FF/Latch <l_cmd_addr_9> (without init value) has a constant value of 0 in block <ac97>. This FF/Latch will be trimmed during the optimization process.
WARNING:Xst:1895 - Due to other FF/Latch trimming, FF/Latch <l_cmd_addr_10> (without init value) has a constant value of 0 in block <ac97>. This FF/Latch will be trimmed during the optimization process.
WARNING:Xst:1895 - Due to other FF/Latch trimming, FF/Latch <l_cmd_addr_11> (without init value) has a constant value of 0 in block <ac97>. This FF/Latch will be trimmed during the optimization process.
WARNING:Xst:1895 - Due to other FF/Latch trimming, FF/Latch <l_cmd_data_0> (without init value) has a constant value of 0 in block <ac97>. This FF/Latch will be trimmed during the optimization process.
WARNING:Xst:1895 - Due to other FF/Latch trimming, FF/Latch <l_cmd_data_1> (without init value) has a constant value of 0 in block <ac97>. This FF/Latch will be trimmed during the optimization process.
WARNING:Xst:1895 - Due to other FF/Latch trimming, FF/Latch <l_cmd_data_2> (without init value) has a constant value of 0 in block <ac97>. This FF/Latch will be trimmed during the optimization process.
WARNING:Xst:1895 - Due to other FF/Latch trimming, FF/Latch <l_cmd_data_3> (without init value) has a constant value of 0 in block <ac97>. This FF/Latch will be trimmed during the optimization process.
WARNING:Xst:1426 - The value init of the FF/Latch command_valid hinder the constant cleaning in the block ac97commands.
   You should achieve better results by setting this init to 1.
WARNING:Xst:1293 - FF/Latch <command_5> has a constant value of 0 in block <ac97commands>. This FF/Latch will be trimmed during the optimization process.
WARNING:Xst:1896 - Due to other FF/Latch trimming, FF/Latch <command_7> has a constant value of 0 in block <ac97commands>. This FF/Latch will be trimmed during the optimization process.
WARNING:Xst:1896 - Due to other FF/Latch trimming, FF/Latch <command_13> has a constant value of 0 in block <ac97commands>. This FF/Latch will be trimmed during the optimization process.
WARNING:Xst:1896 - Due to other FF/Latch trimming, FF/Latch <command_14> has a constant value of 0 in block <ac97commands>. This FF/Latch will be trimmed during the optimization process.
WARNING:Xst:1896 - Due to other FF/Latch trimming, FF/Latch <command_16> has a constant value of 0 in block <ac97commands>. This FF/Latch will be trimmed during the optimization process.
WARNING:Xst:1896 - Due to other FF/Latch trimming, FF/Latch <command_22> has a constant value of 0 in block <ac97commands>. This FF/Latch will be trimmed during the optimization process.
INFO:Xst:2261 - The FF/Latch <command_0> in Unit <ac97commands> is equivalent to the following FF/Latch, which will be removed : <command_8> 
INFO:Xst:2261 - The FF/Latch <command_4> in Unit <ac97commands> is equivalent to the following FF/Latch, which will be removed : <command_12> 
INFO:Xst:2261 - The FF/Latch <command_2> in Unit <ac97commands> is equivalent to the following FF/Latch, which will be removed : <command_10> 
INFO:Xst:2261 - The FF/Latch <command_1> in Unit <ac97commands> is equivalent to the following FF/Latch, which will be removed : <command_9> 
WARNING:Xst:1710 - FF/Latch <l_cmd_addr_12> (without init value) has a constant value of 0 in block <ac97>. This FF/Latch will be trimmed during the optimization process.
WARNING:Xst:1710 - FF/Latch <l_cmd_addr_18> (without init value) has a constant value of 0 in block <ac97>. This FF/Latch will be trimmed during the optimization process.
WARNING:Xst:1710 - FF/Latch <l_cmd_data_9> (without init value) has a constant value of 0 in block <ac97>. This FF/Latch will be trimmed during the optimization process.
WARNING:Xst:1710 - FF/Latch <l_cmd_data_11> (without init value) has a constant value of 0 in block <ac97>. This FF/Latch will be trimmed during the optimization process.
WARNING:Xst:1710 - FF/Latch <l_cmd_data_17> (without init value) has a constant value of 0 in block <ac97>. This FF/Latch will be trimmed during the optimization process.
WARNING:Xst:1710 - FF/Latch <l_cmd_data_18> (without init value) has a constant value of 0 in block <ac97>. This FF/Latch will be trimmed during the optimization process.
WARNING:Xst:1710 - FF/Latch <l_right_data_0> (without init value) has a constant value of 0 in block <ac97>. This FF/Latch will be trimmed during the optimization process.
WARNING:Xst:1710 - FF/Latch <l_right_data_1> (without init value) has a constant value of 0 in block <ac97>. This FF/Latch will be trimmed during the optimization process.
WARNING:Xst:1710 - FF/Latch <l_right_data_2> (without init value) has a constant value of 0 in block <ac97>. This FF/Latch will be trimmed during the optimization process.
WARNING:Xst:1710 - FF/Latch <l_right_data_3> (without init value) has a constant value of 0 in block <ac97>. This FF/Latch will be trimmed during the optimization process.
WARNING:Xst:1710 - FF/Latch <l_right_data_4> (without init value) has a constant value of 0 in block <ac97>. This FF/Latch will be trimmed during the optimization process.
WARNING:Xst:1710 - FF/Latch <l_right_data_5> (without init value) has a constant value of 0 in block <ac97>. This FF/Latch will be trimmed during the optimization process.
WARNING:Xst:1710 - FF/Latch <l_right_data_6> (without init value) has a constant value of 0 in block <ac97>. This FF/Latch will be trimmed during the optimization process.
WARNING:Xst:1710 - FF/Latch <l_right_data_7> (without init value) has a constant value of 0 in block <ac97>. This FF/Latch will be trimmed during the optimization process.
WARNING:Xst:2677 - Node <right_in_data_0> of sequential type is unconnected in block <ac97>.
WARNING:Xst:2677 - Node <right_in_data_1> of sequential type is unconnected in block <ac97>.
WARNING:Xst:2677 - Node <right_in_data_2> of sequential type is unconnected in block <ac97>.
WARNING:Xst:2677 - Node <right_in_data_3> of sequential type is unconnected in block <ac97>.
WARNING:Xst:2677 - Node <right_in_data_4> of sequential type is unconnected in block <ac97>.
WARNING:Xst:2677 - Node <right_in_data_5> of sequential type is unconnected in block <ac97>.
WARNING:Xst:2677 - Node <right_in_data_6> of sequential type is unconnected in block <ac97>.
WARNING:Xst:2677 - Node <right_in_data_7> of sequential type is unconnected in block <ac97>.
WARNING:Xst:2677 - Node <right_in_data_8> of sequential type is unconnected in block <ac97>.
WARNING:Xst:2677 - Node <right_in_data_9> of sequential type is unconnected in block <ac97>.
WARNING:Xst:2677 - Node <right_in_data_10> of sequential type is unconnected in block <ac97>.
WARNING:Xst:2677 - Node <right_in_data_11> of sequential type is unconnected in block <ac97>.
WARNING:Xst:2677 - Node <right_in_data_12> of sequential type is unconnected in block <ac97>.
WARNING:Xst:2677 - Node <right_in_data_13> of sequential type is unconnected in block <ac97>.
WARNING:Xst:2677 - Node <right_in_data_14> of sequential type is unconnected in block <ac97>.
WARNING:Xst:2677 - Node <right_in_data_15> of sequential type is unconnected in block <ac97>.
WARNING:Xst:2677 - Node <right_in_data_16> of sequential type is unconnected in block <ac97>.
WARNING:Xst:2677 - Node <right_in_data_17> of sequential type is unconnected in block <ac97>.
WARNING:Xst:2677 - Node <right_in_data_18> of sequential type is unconnected in block <ac97>.
WARNING:Xst:2677 - Node <right_in_data_19> of sequential type is unconnected in block <ac97>.

=========================================================================
Advanced HDL Synthesis Report

Macro Statistics
# RAMs                                                 : 1
 131072x12-bit single-port block RAM                   : 1
# Adders/Subtractors                                   : 6
 17-bit adder                                          : 2
 5-bit adder                                           : 4
# Counters                                             : 8
 10-bit up counter                                     : 1
 19-bit up counter                                     : 4
 4-bit up counter                                      : 1
 5-bit updown counter                                  : 1
 9-bit up counter                                      : 1
# Registers                                            : 209
 Flip-Flops                                            : 209
# Comparators                                          : 22
 17-bit comparator greatequal                          : 2
 17-bit comparator less                                : 1
 9-bit comparator greatequal                           : 5
 9-bit comparator greater                              : 4
 9-bit comparator less                                 : 4
 9-bit comparator lessequal                            : 6
# Multiplexers                                         : 3
 1-bit 20-to-1 multiplexer                             : 3
# Xors                                                 : 5
 1-bit xor2                                            : 5

=========================================================================

=========================================================================
*                         Low Level Synthesis                           *
=========================================================================
INFO:Xst:2261 - The FF/Latch <l_right_data_0> in Unit <ac97> is equivalent to the following 7 FFs/Latches, which will be removed : <l_right_data_1> <l_right_data_2> <l_right_data_3> <l_right_data_4> <l_right_data_5> <l_right_data_6> <l_right_data_7> 
WARNING:Xst:1710 - FF/Latch <l_right_data_0> (without init value) has a constant value of 0 in block <ac97>. This FF/Latch will be trimmed during the optimization process.

Optimizing unit <lab5_12bit> ...

Optimizing unit <ac97> ...

Optimizing unit <ac97commands> ...

Optimizing unit <lab5audio> ...

Optimizing unit <recorder> ...
WARNING:Xst:1710 - FF/Latch <a/ac97/l_cmd_addr_12> (without init value) has a constant value of 0 in block <lab5_12bit>. This FF/Latch will be trimmed during the optimization process.
WARNING:Xst:1895 - Due to other FF/Latch trimming, FF/Latch <a/ac97/l_cmd_addr_18> (without init value) has a constant value of 0 in block <lab5_12bit>. This FF/Latch will be trimmed during the optimization process.
WARNING:Xst:1895 - Due to other FF/Latch trimming, FF/Latch <a/ac97/l_cmd_data_9> (without init value) has a constant value of 0 in block <lab5_12bit>. This FF/Latch will be trimmed during the optimization process.
WARNING:Xst:1895 - Due to other FF/Latch trimming, FF/Latch <a/ac97/l_cmd_data_11> (without init value) has a constant value of 0 in block <lab5_12bit>. This FF/Latch will be trimmed during the optimization process.
WARNING:Xst:1895 - Due to other FF/Latch trimming, FF/Latch <a/ac97/l_cmd_data_17> (without init value) has a constant value of 0 in block <lab5_12bit>. This FF/Latch will be trimmed during the optimization process.
WARNING:Xst:1895 - Due to other FF/Latch trimming, FF/Latch <a/ac97/l_cmd_data_18> (without init value) has a constant value of 0 in block <lab5_12bit>. This FF/Latch will be trimmed during the optimization process.
WARNING:Xst:2677 - Node <a/ac97/right_in_data_0> of sequential type is unconnected in block <lab5_12bit>.
WARNING:Xst:2677 - Node <a/ac97/right_in_data_1> of sequential type is unconnected in block <lab5_12bit>.
WARNING:Xst:2677 - Node <a/ac97/right_in_data_2> of sequential type is unconnected in block <lab5_12bit>.
WARNING:Xst:2677 - Node <a/ac97/right_in_data_3> of sequential type is unconnected in block <lab5_12bit>.
WARNING:Xst:2677 - Node <a/ac97/right_in_data_4> of sequential type is unconnected in block <lab5_12bit>.
WARNING:Xst:2677 - Node <a/ac97/right_in_data_5> of sequential type is unconnected in block <lab5_12bit>.
WARNING:Xst:2677 - Node <a/ac97/right_in_data_6> of sequential type is unconnected in block <lab5_12bit>.
WARNING:Xst:2677 - Node <a/ac97/right_in_data_7> of sequential type is unconnected in block <lab5_12bit>.
WARNING:Xst:2677 - Node <a/ac97/right_in_data_8> of sequential type is unconnected in block <lab5_12bit>.
WARNING:Xst:2677 - Node <a/ac97/right_in_data_9> of sequential type is unconnected in block <lab5_12bit>.
WARNING:Xst:2677 - Node <a/ac97/right_in_data_10> of sequential type is unconnected in block <lab5_12bit>.
WARNING:Xst:2677 - Node <a/ac97/right_in_data_11> of sequential type is unconnected in block <lab5_12bit>.
WARNING:Xst:2677 - Node <a/ac97/right_in_data_12> of sequential type is unconnected in block <lab5_12bit>.
WARNING:Xst:2677 - Node <a/ac97/right_in_data_13> of sequential type is unconnected in block <lab5_12bit>.
WARNING:Xst:2677 - Node <a/ac97/right_in_data_14> of sequential type is unconnected in block <lab5_12bit>.
WARNING:Xst:2677 - Node <a/ac97/right_in_data_15> of sequential type is unconnected in block <lab5_12bit>.
WARNING:Xst:2677 - Node <a/ac97/right_in_data_16> of sequential type is unconnected in block <lab5_12bit>.
WARNING:Xst:2677 - Node <a/ac97/right_in_data_17> of sequential type is unconnected in block <lab5_12bit>.
WARNING:Xst:2677 - Node <a/ac97/right_in_data_18> of sequential type is unconnected in block <lab5_12bit>.
WARNING:Xst:2677 - Node <a/ac97/right_in_data_19> of sequential type is unconnected in block <lab5_12bit>.

Mapping all equations...
Building and optimizing final netlist ...
INFO:Xst:2261 - The FF/Latch <a/ac97/l_cmd_data_4> in Unit <lab5_12bit> is equivalent to the following FF/Latch, which will be removed : <a/ac97/l_cmd_data_12> 
INFO:Xst:2261 - The FF/Latch <a/ac97/l_cmd_data_5> in Unit <lab5_12bit> is equivalent to the following FF/Latch, which will be removed : <a/ac97/l_cmd_data_13> 
INFO:Xst:2261 - The FF/Latch <a/ac97/l_cmd_data_6> in Unit <lab5_12bit> is equivalent to the following FF/Latch, which will be removed : <a/ac97/l_cmd_data_14> 
INFO:Xst:2261 - The FF/Latch <a/ac97/l_cmd_data_8> in Unit <lab5_12bit> is equivalent to the following FF/Latch, which will be removed : <a/ac97/l_cmd_data_16> 
Found area constraint ratio of 100 (+ 5) on block lab5_12bit, actual ratio is 0.
FlipFlop a/ac97/bit_count_2 has been replicated 1 time(s)
FlipFlop a/ac97/bit_count_3 has been replicated 1 time(s)

Final Macro Processing ...

Processing Unit <lab5_12bit> :
	Found 8-bit shift register for signal <a/ac97/left_in_data_8>.
	Found 2-bit shift register for signal <a/ready_sync_1>.
Unit <lab5_12bit> processed.

=========================================================================
Final Register Report

Macro Statistics
# Registers                                            : 270
 Flip-Flops                                            : 270
# Shift Registers                                      : 2
 2-bit shift register                                  : 1
 8-bit shift register                                  : 1

=========================================================================

=========================================================================
*                           Partition Report                             *
=========================================================================

Partition Implementation Status
-------------------------------

  No Partitions were found in this design.

-------------------------------

=========================================================================
*                            Final Report                               *
=========================================================================
Final Results
RTL Top Level Output File Name     : lab5_12bit.ngr
Top Level Output File Name         : lab5_12bit
Output Format                      : NGC
Optimization Goal                  : Speed
Keep Hierarchy                     : NO

Design Statistics
# IOs                              : 576

Cell Usage :
# BELS                             : 782
#      GND                         : 1
#      INV                         : 20
#      LUT1                        : 122
#      LUT2                        : 60
#      LUT2_D                      : 1
#      LUT2_L                      : 2
#      LUT3                        : 104
#      LUT3_L                      : 2
#      LUT4                        : 112
#      LUT4_D                      : 3
#      LUT4_L                      : 6
#      MUXCY                       : 163
#      MUXF5                       : 39
#      MUXF6                       : 16
#      MUXF7                       : 1
#      VCC                         : 1
#      XORCY                       : 129
# FlipFlops/Latches                : 272
#      FD                          : 23
#      FDE                         : 98
#      FDE_1                       : 13
#      FDR                         : 7
#      FDRE                        : 125
#      FDS                         : 5
#      FDSE                        : 1
# RAMS                             : 96
#      RAMB16_S1                   : 96
# Shift Registers                  : 3
#      SRL16                       : 2
#      SRL16E_1                    : 1
# Clock Buffers                    : 2
#      BUFG                        : 1
#      BUFGP                       : 1
# IO Buffers                       : 246
#      IBUF                        : 6
#      OBUF                        : 240
=========================================================================

Device utilization summary:
---------------------------

Selected Device : 2v6000bf957-4 

 Number of Slices:                      253  out of  33792     0%  
 Number of Slice Flip Flops:            272  out of  67584     0%  
 Number of 4 input LUTs:                435  out of  67584     0%  
    Number used as logic:               432
    Number used as Shift registers:       3
 Number of IOs:                         576
 Number of bonded IOBs:                 247  out of    684    36%  
 Number of BRAMs:                        96  out of    144    66%  
 Number of GCLKs:                         2  out of     16    12%  

---------------------------
Partition Resource Summary:
---------------------------

  No Partitions were found in this design.

---------------------------


=========================================================================
TIMING REPORT

NOTE: THESE TIMING NUMBERS ARE ONLY A SYNTHESIS ESTIMATE.
      FOR ACCURATE TIMING INFORMATION PLEASE REFER TO THE TRACE REPORT
      GENERATED AFTER PLACE-and-ROUTE.

Clock Information:
------------------
-----------------------------------+------------------------+-------+
Clock Signal                       | Clock buffer(FF name)  | Load  |
-----------------------------------+------------------------+-------+
clock_27mhz                        | BUFGP                  | 199   |
ac97_bit_clock                     | IBUF+BUFG              | 76    |
-----------------------------------+------------------------+-------+

Asynchronous Control Signals Information:
----------------------------------------
No asynchronous control signals found in this design

Timing Summary:
---------------
Speed Grade: -4

   Minimum period: 10.471ns (Maximum Frequency: 95.502MHz)
   Minimum input arrival time before clock: 3.540ns
   Maximum output required time after clock: 7.740ns
   Maximum combinational path delay: 5.887ns

Timing Detail:
--------------
All values displayed in nanoseconds (ns)

=========================================================================
Timing constraint: Default period analysis for Clock 'clock_27mhz'
  Clock period: 7.600ns (frequency: 131.586MHz)
  Total number of paths / destination ports: 6085 / 490
-------------------------------------------------------------------------
Delay:               7.600ns (Levels of Logic = 20)
  Source:            r/currentaddr_0 (FF)
  Destination:       r/currentaddr_16 (FF)
  Source Clock:      clock_27mhz rising
  Destination Clock: clock_27mhz rising

  Data Path: r/currentaddr_0 to r/currentaddr_16
                                Gate     Net
    Cell:in->out      fanout   Delay   Delay  Logical Name (Net Name)
    ----------------------------------------  ------------
     FDRE:C->Q            98   0.568   1.544  r/currentaddr_0 (r/currentaddr_0)
     LUT2:I0->O            1   0.439   0.000  r/Mcompar_currentaddr_cmp_ge0001_lut<0> (r/Mcompar_currentaddr_cmp_ge0001_lut<0>)
     MUXCY:S->O            1   0.298   0.000  r/Mcompar_currentaddr_cmp_ge0001_cy<0> (r/Mcompar_currentaddr_cmp_ge0001_cy<0>)
     MUXCY:CI->O           1   0.053   0.000  r/Mcompar_currentaddr_cmp_ge0001_cy<1> (r/Mcompar_currentaddr_cmp_ge0001_cy<1>)
     MUXCY:CI->O           1   0.053   0.000  r/Mcompar_currentaddr_cmp_ge0001_cy<2> (r/Mcompar_currentaddr_cmp_ge0001_cy<2>)
     MUXCY:CI->O           1   0.053   0.000  r/Mcompar_currentaddr_cmp_ge0001_cy<3> (r/Mcompar_currentaddr_cmp_ge0001_cy<3>)
     MUXCY:CI->O           1   0.053   0.000  r/Mcompar_currentaddr_cmp_ge0001_cy<4> (r/Mcompar_currentaddr_cmp_ge0001_cy<4>)
     MUXCY:CI->O           1   0.053   0.000  r/Mcompar_currentaddr_cmp_ge0001_cy<5> (r/Mcompar_currentaddr_cmp_ge0001_cy<5>)
     MUXCY:CI->O           1   0.053   0.000  r/Mcompar_currentaddr_cmp_ge0001_cy<6> (r/Mcompar_currentaddr_cmp_ge0001_cy<6>)
     MUXCY:CI->O           1   0.053   0.000  r/Mcompar_currentaddr_cmp_ge0001_cy<7> (r/Mcompar_currentaddr_cmp_ge0001_cy<7>)
     MUXCY:CI->O           1   0.053   0.000  r/Mcompar_currentaddr_cmp_ge0001_cy<8> (r/Mcompar_currentaddr_cmp_ge0001_cy<8>)
     MUXCY:CI->O           1   0.053   0.000  r/Mcompar_currentaddr_cmp_ge0001_cy<9> (r/Mcompar_currentaddr_cmp_ge0001_cy<9>)
     MUXCY:CI->O           1   0.053   0.000  r/Mcompar_currentaddr_cmp_ge0001_cy<10> (r/Mcompar_currentaddr_cmp_ge0001_cy<10>)
     MUXCY:CI->O           1   0.053   0.000  r/Mcompar_currentaddr_cmp_ge0001_cy<11> (r/Mcompar_currentaddr_cmp_ge0001_cy<11>)
     MUXCY:CI->O           1   0.053   0.000  r/Mcompar_currentaddr_cmp_ge0001_cy<12> (r/Mcompar_currentaddr_cmp_ge0001_cy<12>)
     MUXCY:CI->O           1   0.053   0.000  r/Mcompar_currentaddr_cmp_ge0001_cy<13> (r/Mcompar_currentaddr_cmp_ge0001_cy<13>)
     MUXCY:CI->O           1   0.053   0.000  r/Mcompar_currentaddr_cmp_ge0001_cy<14> (r/Mcompar_currentaddr_cmp_ge0001_cy<14>)
     MUXCY:CI->O           1   0.053   0.000  r/Mcompar_currentaddr_cmp_ge0001_cy<15> (r/Mcompar_currentaddr_cmp_ge0001_cy<15>)
     MUXCY:CI->O           1   0.942   0.557  r/Mcompar_currentaddr_cmp_ge0001_cy<16> (r/currentaddr_cmp_ge0001)
     LUT4_D:I3->O         16   0.439   1.208  r/currentaddr_mux0000<0>21 (r/N21)
     LUT2:I1->O            1   0.439   0.000  r/currentaddr_mux0000<8>1 (r/currentaddr_mux0000<8>)
     FDRE:D                    0.370          r/currentaddr_8
    ----------------------------------------
    Total                      7.600ns (4.290ns logic, 3.310ns route)
                                       (56.5% logic, 43.5% route)

=========================================================================
Timing constraint: Default period analysis for Clock 'ac97_bit_clock'
  Clock period: 10.471ns (frequency: 95.502MHz)
  Total number of paths / destination ports: 2525 / 112
-------------------------------------------------------------------------
Delay:               5.235ns (Levels of Logic = 3)
  Source:            a/ac97/bit_count_5 (FF)
  Destination:       a/ac97/Mshreg_left_in_data_8 (FF)
  Source Clock:      ac97_bit_clock rising
  Destination Clock: ac97_bit_clock falling

  Data Path: a/ac97/bit_count_5 to a/ac97/Mshreg_left_in_data_8
                                Gate     Net
    Cell:in->out      fanout   Delay   Delay  Logical Name (Net Name)
    ----------------------------------------  ------------
     FD:C->Q              13   0.568   1.162  a/ac97/bit_count_5 (a/ac97/bit_count_5)
     LUT3:I1->O            1   0.439   0.552  a/ac97/left_in_data_and00006 (a/ac97/left_in_data_and00006)
     LUT4_L:I2->LO         1   0.439   0.134  a/ac97/left_in_data_and00008 (a/ac97/left_in_data_and00008)
     LUT4:I2->O           14   0.439   0.978  a/ac97/left_in_data_and000074 (a/ac97/left_in_data_and0000)
     SRL16E_1:CE               0.525          a/ac97/Mshreg_left_in_data_8
    ----------------------------------------
    Total                      5.235ns (2.410ns logic, 2.826ns route)
                                       (46.0% logic, 54.0% route)

=========================================================================
Timing constraint: Default OFFSET IN BEFORE for Clock 'clock_27mhz'
  Total number of paths / destination ports: 92 / 92
-------------------------------------------------------------------------
Offset:              3.540ns (Levels of Logic = 2)
  Source:            switch<0> (PAD)
  Destination:       sw0/count_0 (FF)
  Destination Clock: clock_27mhz rising

  Data Path: switch<0> to sw0/count_0
                                Gate     Net
    Cell:in->out      fanout   Delay   Delay  Logical Name (Net Name)
    ----------------------------------------  ------------
     IBUF:I->O             4   0.825   0.955  switch_0_IBUF (switch_0_IBUF)
     LUT3:I1->O           20   0.439   1.041  sw0/count_or00001 (sw0/count_or0000)
     FDRE:R                    0.280          sw0/count_0
    ----------------------------------------
    Total                      3.540ns (1.544ns logic, 1.996ns route)
                                       (43.6% logic, 56.4% route)

=========================================================================
Timing constraint: Default OFFSET IN BEFORE for Clock 'ac97_bit_clock'
  Total number of paths / destination ports: 1 / 1
-------------------------------------------------------------------------
Offset:              1.896ns (Levels of Logic = 1)
  Source:            ac97_sdata_in (PAD)
  Destination:       a/ac97/left_in_data_0 (FF)
  Destination Clock: ac97_bit_clock falling

  Data Path: ac97_sdata_in to a/ac97/left_in_data_0
                                Gate     Net
    Cell:in->out      fanout   Delay   Delay  Logical Name (Net Name)
    ----------------------------------------  ------------
     IBUF:I->O             2   0.825   0.702  ac97_sdata_in_IBUF (ac97_sdata_in_IBUF)
     FDE_1:D                   0.370          a/ac97/left_in_data_0
    ----------------------------------------
    Total                      1.896ns (1.195ns logic, 0.702ns route)
                                       (63.0% logic, 37.0% route)

=========================================================================
Timing constraint: Default OFFSET OUT AFTER for Clock 'ac97_bit_clock'
  Total number of paths / destination ports: 8 / 8
-------------------------------------------------------------------------
Offset:              5.677ns (Levels of Logic = 1)
  Source:            a/ac97/ac97_synch (FF)
  Destination:       ac97_synch (PAD)
  Source Clock:      ac97_bit_clock rising

  Data Path: a/ac97/ac97_synch to ac97_synch
                                Gate     Net
    Cell:in->out      fanout   Delay   Delay  Logical Name (Net Name)
    ----------------------------------------  ------------
     FDS:C->Q              4   0.568   0.747  a/ac97/ac97_synch (a/ac97/ac97_synch)
     OBUF:I->O                 4.361          ac97_synch_OBUF (ac97_synch)
    ----------------------------------------
    Total                      5.677ns (4.929ns logic, 0.747ns route)
                                       (86.8% logic, 13.2% route)

=========================================================================
Timing constraint: Default OFFSET OUT AFTER for Clock 'clock_27mhz'
  Total number of paths / destination ports: 29 / 23
-------------------------------------------------------------------------
Offset:              7.740ns (Levels of Logic = 2)
  Source:            a/ready_sync_1 (FF)
  Destination:       analyzer3_clock (PAD)
  Source Clock:      clock_27mhz rising

  Data Path: a/ready_sync_1 to analyzer3_clock
                                Gate     Net
    Cell:in->out      fanout   Delay   Delay  Logical Name (Net Name)
    ----------------------------------------  ------------
     FD:C->Q              20   0.568   1.326  a/ready_sync_1 (a/ready_sync_1)
     LUT2:I0->O           21   0.439   1.047  a/ready1 (analyzer3_clock_OBUF)
     OBUF:I->O                 4.361          analyzer3_clock_OBUF (analyzer3_clock)
    ----------------------------------------
    Total                      7.740ns (5.368ns logic, 2.372ns route)
                                       (69.4% logic, 30.6% route)

=========================================================================
Timing constraint: Default path analysis
  Total number of paths / destination ports: 2 / 2
-------------------------------------------------------------------------
Delay:               5.887ns (Levels of Logic = 2)
  Source:            ac97_bit_clock (PAD)
  Destination:       analyzer1_clock (PAD)

  Data Path: ac97_bit_clock to analyzer1_clock
                                Gate     Net
    Cell:in->out      fanout   Delay   Delay  Logical Name (Net Name)
    ----------------------------------------  ------------
     IBUF:I->O             2   0.825   0.701  ac97_bit_clock_IBUF (analyzer1_clock_OBUF1)
     OBUF:I->O                 4.361          analyzer1_clock_OBUF (analyzer1_clock)
    ----------------------------------------
    Total                      5.887ns (5.186ns logic, 0.701ns route)
                                       (88.1% logic, 11.9% route)

=========================================================================


Total REAL time to Xst completion: 10.00 secs
Total CPU time to Xst completion: 9.16 secs
 
--> 


Total memory usage is 473708 kilobytes

Number of errors   :    0 (   0 filtered)
Number of warnings :  392 (   0 filtered)
Number of infos    :   27 (   0 filtered)

