Release 10.1.03 - xst K.39 (lin64)
Copyright (c) 1995-2008 Xilinx, Inc.  All rights reserved.
--> 
Parameter TMPDIR set to /afs/athena.mit.edu/user/g/i/gim/junk/fft_newpc (copy)/xst/projnav.tmp


Total REAL time to Xst completion: 0.00 secs
Total CPU time to Xst completion: 0.05 secs
 
--> 
Parameter xsthdpdir set to /afs/athena.mit.edu/user/g/i/gim/junk/fft_newpc (copy)/xst


Total REAL time to Xst completion: 0.00 secs
Total CPU time to Xst completion: 0.06 secs
 
--> 
Reading design: fft.prj

TABLE OF CONTENTS
  1) Synthesis Options Summary
  2) HDL Compilation
  3) Design Hierarchy Analysis
  4) HDL Analysis
  5) HDL Synthesis
     5.1) HDL Synthesis Report
  6) Advanced HDL Synthesis
     6.1) Advanced HDL Synthesis Report
  7) Low Level Synthesis
  8) Partition Report
  9) Final Report
     9.1) Device utilization summary
     9.2) Partition Resource Summary
     9.3) TIMING REPORT


=========================================================================
*                      Synthesis Options Summary                        *
=========================================================================
---- Source Parameters
Input File Name                    : "fft.prj"
Input Format                       : mixed
Ignore Synthesis Constraint File   : NO

---- Target Parameters
Output File Name                   : "fft"
Output Format                      : NGC
Target Device                      : xc2v6000-4-bf957

---- Source Options
Top Module Name                    : fft
Automatic FSM Extraction           : YES
FSM Encoding Algorithm             : Auto
Safe Implementation                : No
FSM Style                          : lut
RAM Extraction                     : Yes
RAM Style                          : Auto
ROM Extraction                     : Yes
Mux Style                          : Auto
Decoder Extraction                 : YES
Priority Encoder Extraction        : YES
Shift Register Extraction          : YES
Logical Shifter Extraction         : YES
XOR Collapsing                     : YES
ROM Style                          : Auto
Mux Extraction                     : YES
Resource Sharing                   : YES
Asynchronous To Synchronous        : NO
Multiplier Style                   : auto
Automatic Register Balancing       : No

---- Target Options
Add IO Buffers                     : YES
Global Maximum Fanout              : 500
Add Generic Clock Buffer(BUFG)     : 16
Register Duplication               : YES
Slice Packing                      : YES
Optimize Instantiated Primitives   : NO
Convert Tristates To Logic         : Yes
Use Clock Enable                   : Yes
Use Synchronous Set                : Yes
Use Synchronous Reset              : Yes
Pack IO Registers into IOBs        : auto
Equivalent register Removal        : YES

---- General Options
Optimization Goal                  : Speed
Optimization Effort                : 1
Library Search Order               : fft.lso
Keep Hierarchy                     : NO
Netlist Hierarchy                  : as_optimized
RTL Output                         : Yes
Global Optimization                : AllClockNets
Read Cores                         : YES
Write Timing Constraints           : NO
Cross Clock Analysis               : NO
Hierarchy Separator                : /
Bus Delimiter                      : <>
Case Specifier                     : maintain
Slice Utilization Ratio            : 100
BRAM Utilization Ratio             : 100
Verilog 2001                       : YES
Auto BRAM Packing                  : NO
Slice Utilization Ratio Delta      : 5

=========================================================================


=========================================================================
*                          HDL Compilation                              *
=========================================================================
Compiling verilog file "fft16384u.v" in library work
Compiling verilog file "fft.v" in library work
Module <fft16384u> compiled
Module <debounce> compiled
Module <fft_audio> compiled
Module <ac97> compiled
Module <ac97commands> compiled
Module <tone750hz> compiled
Module <fft> compiled
Module <xvga> compiled
Module <process_audio> compiled
Module <sqrt> compiled
No errors in compilation
Analysis of file <"fft.prj"> succeeded.
 

=========================================================================
*                     Design Hierarchy Analysis                         *
=========================================================================
Analyzing hierarchy for module <fft> in library <work>.

Analyzing hierarchy for module <debounce> in library <work>.

Analyzing hierarchy for module <fft_audio> in library <work>.

Analyzing hierarchy for module <process_audio> in library <work>.

Analyzing hierarchy for module <xvga> in library <work>.

Analyzing hierarchy for module <ac97> in library <work>.

Analyzing hierarchy for module <ac97commands> in library <work>.

Analyzing hierarchy for module <sqrt> in library <work> with parameters.
	MBITS = "00000000000000000000000000001010"
	NBITS = "00000000000000000000000000010100"

WARNING:Xst:2591 - "fft.v" line 723: attribute on instance <CLKFX_DIVIDE> overrides generic/parameter on entity. It is possible that simulator will not take this attribute into account.
WARNING:Xst:2591 - "fft.v" line 723: attribute on instance <CLKFX_MULTIPLY> overrides generic/parameter on entity. It is possible that simulator will not take this attribute into account.
WARNING:Xst:2591 - "fft.v" line 723: attribute on instance <CLKIN_PERIOD> overrides generic/parameter on entity. It is possible that simulator will not take this attribute into account.
WARNING:Xst:2591 - "fft.v" line 723: attribute on instance <CLK_FEEDBACK> overrides generic/parameter on entity. It is possible that simulator will not take this attribute into account.

=========================================================================
*                            HDL Analysis                               *
=========================================================================
Analyzing top module <fft>.
Module <fft> is correct for synthesis.
 
    Set user-defined property "INIT =  FFFF" for instance <reset_sr> in unit <fft>.
    Set user-defined property "CLKDV_DIVIDE =  2.0000000000000000" for instance <vclk1> in unit <fft>.
    Set user-defined property "CLKFX_DIVIDE =  10" for instance <vclk1> in unit <fft>.
    Set user-defined property "CLKFX_MULTIPLY =  24" for instance <vclk1> in unit <fft>.
    Set user-defined property "CLKIN_DIVIDE_BY_2 =  FALSE" for instance <vclk1> in unit <fft>.
    Set user-defined property "CLKIN_PERIOD =  37.0000000000000000" for instance <vclk1> in unit <fft>.
    Set user-defined property "CLKOUT_PHASE_SHIFT =  NONE" for instance <vclk1> in unit <fft>.
    Set user-defined property "CLK_FEEDBACK =  NONE" for instance <vclk1> in unit <fft>.
    Set user-defined property "DESKEW_ADJUST =  SYSTEM_SYNCHRONOUS" for instance <vclk1> in unit <fft>.
    Set user-defined property "DFS_FREQUENCY_MODE =  LOW" for instance <vclk1> in unit <fft>.
    Set user-defined property "DLL_FREQUENCY_MODE =  LOW" for instance <vclk1> in unit <fft>.
    Set user-defined property "DSS_MODE =  NONE" for instance <vclk1> in unit <fft>.
    Set user-defined property "DUTY_CYCLE_CORRECTION =  TRUE" for instance <vclk1> in unit <fft>.
    Set user-defined property "FACTORY_JF =  C080" for instance <vclk1> in unit <fft>.
    Set user-defined property "PHASE_SHIFT =  0" for instance <vclk1> in unit <fft>.
    Set user-defined property "SIM_MODE =  SAFE" for instance <vclk1> in unit <fft>.
    Set user-defined property "STARTUP_WAIT =  FALSE" for instance <vclk1> in unit <fft>.
    Set user-defined property "INITP_00 =  0000000000000000000000000000000000000000000000000000000000000000" for instance <histogram> in unit <fft>.
    Set user-defined property "INITP_01 =  0000000000000000000000000000000000000000000000000000000000000000" for instance <histogram> in unit <fft>.
    Set user-defined property "INITP_02 =  0000000000000000000000000000000000000000000000000000000000000000" for instance <histogram> in unit <fft>.
    Set user-defined property "INITP_03 =  0000000000000000000000000000000000000000000000000000000000000000" for instance <histogram> in unit <fft>.
    Set user-defined property "INITP_04 =  0000000000000000000000000000000000000000000000000000000000000000" for instance <histogram> in unit <fft>.
    Set user-defined property "INITP_05 =  0000000000000000000000000000000000000000000000000000000000000000" for instance <histogram> in unit <fft>.
    Set user-defined property "INITP_06 =  0000000000000000000000000000000000000000000000000000000000000000" for instance <histogram> in unit <fft>.
    Set user-defined property "INITP_07 =  0000000000000000000000000000000000000000000000000000000000000000" for instance <histogram> in unit <fft>.
    Set user-defined property "INIT_00 =  0000000000000000000000000000000000000000000000000000000000000000" for instance <histogram> in unit <fft>.
    Set user-defined property "INIT_01 =  0000000000000000000000000000000000000000000000000000000000000000" for instance <histogram> in unit <fft>.
    Set user-defined property "INIT_02 =  0000000000000000000000000000000000000000000000000000000000000000" for instance <histogram> in unit <fft>.
    Set user-defined property "INIT_03 =  0000000000000000000000000000000000000000000000000000000000000000" for instance <histogram> in unit <fft>.
    Set user-defined property "INIT_04 =  0000000000000000000000000000000000000000000000000000000000000000" for instance <histogram> in unit <fft>.
    Set user-defined property "INIT_05 =  0000000000000000000000000000000000000000000000000000000000000000" for instance <histogram> in unit <fft>.
    Set user-defined property "INIT_06 =  0000000000000000000000000000000000000000000000000000000000000000" for instance <histogram> in unit <fft>.
    Set user-defined property "INIT_07 =  0000000000000000000000000000000000000000000000000000000000000000" for instance <histogram> in unit <fft>.
    Set user-defined property "INIT_08 =  0000000000000000000000000000000000000000000000000000000000000000" for instance <histogram> in unit <fft>.
    Set user-defined property "INIT_09 =  0000000000000000000000000000000000000000000000000000000000000000" for instance <histogram> in unit <fft>.
    Set user-defined property "INIT_0A =  0000000000000000000000000000000000000000000000000000000000000000" for instance <histogram> in unit <fft>.
    Set user-defined property "INIT_0B =  0000000000000000000000000000000000000000000000000000000000000000" for instance <histogram> in unit <fft>.
    Set user-defined property "INIT_0C =  0000000000000000000000000000000000000000000000000000000000000000" for instance <histogram> in unit <fft>.
    Set user-defined property "INIT_0D =  0000000000000000000000000000000000000000000000000000000000000000" for instance <histogram> in unit <fft>.
    Set user-defined property "INIT_0E =  0000000000000000000000000000000000000000000000000000000000000000" for instance <histogram> in unit <fft>.
    Set user-defined property "INIT_0F =  0000000000000000000000000000000000000000000000000000000000000000" for instance <histogram> in unit <fft>.
    Set user-defined property "INIT_10 =  0000000000000000000000000000000000000000000000000000000000000000" for instance <histogram> in unit <fft>.
    Set user-defined property "INIT_11 =  0000000000000000000000000000000000000000000000000000000000000000" for instance <histogram> in unit <fft>.
    Set user-defined property "INIT_12 =  0000000000000000000000000000000000000000000000000000000000000000" for instance <histogram> in unit <fft>.
    Set user-defined property "INIT_13 =  0000000000000000000000000000000000000000000000000000000000000000" for instance <histogram> in unit <fft>.
    Set user-defined property "INIT_14 =  0000000000000000000000000000000000000000000000000000000000000000" for instance <histogram> in unit <fft>.
    Set user-defined property "INIT_15 =  0000000000000000000000000000000000000000000000000000000000000000" for instance <histogram> in unit <fft>.
    Set user-defined property "INIT_16 =  0000000000000000000000000000000000000000000000000000000000000000" for instance <histogram> in unit <fft>.
    Set user-defined property "INIT_17 =  0000000000000000000000000000000000000000000000000000000000000000" for instance <histogram> in unit <fft>.
    Set user-defined property "INIT_18 =  0000000000000000000000000000000000000000000000000000000000000000" for instance <histogram> in unit <fft>.
    Set user-defined property "INIT_19 =  0000000000000000000000000000000000000000000000000000000000000000" for instance <histogram> in unit <fft>.
    Set user-defined property "INIT_1A =  0000000000000000000000000000000000000000000000000000000000000000" for instance <histogram> in unit <fft>.
    Set user-defined property "INIT_1B =  0000000000000000000000000000000000000000000000000000000000000000" for instance <histogram> in unit <fft>.
    Set user-defined property "INIT_1C =  0000000000000000000000000000000000000000000000000000000000000000" for instance <histogram> in unit <fft>.
    Set user-defined property "INIT_1D =  0000000000000000000000000000000000000000000000000000000000000000" for instance <histogram> in unit <fft>.
    Set user-defined property "INIT_1E =  0000000000000000000000000000000000000000000000000000000000000000" for instance <histogram> in unit <fft>.
    Set user-defined property "INIT_1F =  0000000000000000000000000000000000000000000000000000000000000000" for instance <histogram> in unit <fft>.
    Set user-defined property "INIT_20 =  0000000000000000000000000000000000000000000000000000000000000000" for instance <histogram> in unit <fft>.
    Set user-defined property "INIT_21 =  0000000000000000000000000000000000000000000000000000000000000000" for instance <histogram> in unit <fft>.
    Set user-defined property "INIT_22 =  0000000000000000000000000000000000000000000000000000000000000000" for instance <histogram> in unit <fft>.
    Set user-defined property "INIT_23 =  0000000000000000000000000000000000000000000000000000000000000000" for instance <histogram> in unit <fft>.
    Set user-defined property "INIT_24 =  0000000000000000000000000000000000000000000000000000000000000000" for instance <histogram> in unit <fft>.
    Set user-defined property "INIT_25 =  0000000000000000000000000000000000000000000000000000000000000000" for instance <histogram> in unit <fft>.
    Set user-defined property "INIT_26 =  0000000000000000000000000000000000000000000000000000000000000000" for instance <histogram> in unit <fft>.
    Set user-defined property "INIT_27 =  0000000000000000000000000000000000000000000000000000000000000000" for instance <histogram> in unit <fft>.
    Set user-defined property "INIT_28 =  0000000000000000000000000000000000000000000000000000000000000000" for instance <histogram> in unit <fft>.
    Set user-defined property "INIT_29 =  0000000000000000000000000000000000000000000000000000000000000000" for instance <histogram> in unit <fft>.
    Set user-defined property "INIT_2A =  0000000000000000000000000000000000000000000000000000000000000000" for instance <histogram> in unit <fft>.
    Set user-defined property "INIT_2B =  0000000000000000000000000000000000000000000000000000000000000000" for instance <histogram> in unit <fft>.
    Set user-defined property "INIT_2C =  0000000000000000000000000000000000000000000000000000000000000000" for instance <histogram> in unit <fft>.
    Set user-defined property "INIT_2D =  0000000000000000000000000000000000000000000000000000000000000000" for instance <histogram> in unit <fft>.
    Set user-defined property "INIT_2E =  0000000000000000000000000000000000000000000000000000000000000000" for instance <histogram> in unit <fft>.
    Set user-defined property "INIT_2F =  0000000000000000000000000000000000000000000000000000000000000000" for instance <histogram> in unit <fft>.
    Set user-defined property "INIT_30 =  0000000000000000000000000000000000000000000000000000000000000000" for instance <histogram> in unit <fft>.
    Set user-defined property "INIT_31 =  0000000000000000000000000000000000000000000000000000000000000000" for instance <histogram> in unit <fft>.
    Set user-defined property "INIT_32 =  0000000000000000000000000000000000000000000000000000000000000000" for instance <histogram> in unit <fft>.
    Set user-defined property "INIT_33 =  0000000000000000000000000000000000000000000000000000000000000000" for instance <histogram> in unit <fft>.
    Set user-defined property "INIT_34 =  0000000000000000000000000000000000000000000000000000000000000000" for instance <histogram> in unit <fft>.
    Set user-defined property "INIT_35 =  0000000000000000000000000000000000000000000000000000000000000000" for instance <histogram> in unit <fft>.
    Set user-defined property "INIT_36 =  0000000000000000000000000000000000000000000000000000000000000000" for instance <histogram> in unit <fft>.
    Set user-defined property "INIT_37 =  0000000000000000000000000000000000000000000000000000000000000000" for instance <histogram> in unit <fft>.
    Set user-defined property "INIT_38 =  0000000000000000000000000000000000000000000000000000000000000000" for instance <histogram> in unit <fft>.
    Set user-defined property "INIT_39 =  0000000000000000000000000000000000000000000000000000000000000000" for instance <histogram> in unit <fft>.
    Set user-defined property "INIT_3A =  0000000000000000000000000000000000000000000000000000000000000000" for instance <histogram> in unit <fft>.
    Set user-defined property "INIT_3B =  0000000000000000000000000000000000000000000000000000000000000000" for instance <histogram> in unit <fft>.
    Set user-defined property "INIT_3C =  0000000000000000000000000000000000000000000000000000000000000000" for instance <histogram> in unit <fft>.
    Set user-defined property "INIT_3D =  0000000000000000000000000000000000000000000000000000000000000000" for instance <histogram> in unit <fft>.
    Set user-defined property "INIT_3E =  0000000000000000000000000000000000000000000000000000000000000000" for instance <histogram> in unit <fft>.
    Set user-defined property "INIT_3F =  0000000000000000000000000000000000000000000000000000000000000000" for instance <histogram> in unit <fft>.
    Set user-defined property "INIT_A =  00000" for instance <histogram> in unit <fft>.
    Set user-defined property "INIT_B =  00000" for instance <histogram> in unit <fft>.
    Set user-defined property "SIM_COLLISION_CHECK =  ALL" for instance <histogram> in unit <fft>.
    Set user-defined property "SRVAL_A =  00000" for instance <histogram> in unit <fft>.
    Set user-defined property "SRVAL_B =  00000" for instance <histogram> in unit <fft>.
    Set user-defined property "WRITE_MODE_A =  WRITE_FIRST" for instance <histogram> in unit <fft>.
    Set user-defined property "WRITE_MODE_B =  WRITE_FIRST" for instance <histogram> in unit <fft>.
Analyzing module <debounce> in library <work>.
Module <debounce> is correct for synthesis.
 
Analyzing module <fft_audio> in library <work>.
Module <fft_audio> is correct for synthesis.
 
Analyzing module <ac97> in library <work>.
INFO:Xst:1432 - Contents of array <l_cmd_addr> may be accessed with a negative index, causing simulation mismatch.
INFO:Xst:1433 - Contents of array <l_cmd_addr> may be accessed with an index that exceeds the array size. This could cause simulation mismatch.
INFO:Xst:1432 - Contents of array <l_cmd_data> may be accessed with a negative index, causing simulation mismatch.
INFO:Xst:1433 - Contents of array <l_cmd_data> may be accessed with an index that exceeds the array size. This could cause simulation mismatch.
INFO:Xst:1432 - Contents of array <l_right_data> may be accessed with a negative index, causing simulation mismatch.
INFO:Xst:1433 - Contents of array <l_right_data> may be accessed with an index that exceeds the array size. This could cause simulation mismatch.
Module <ac97> is correct for synthesis.
 
    Set user-defined property "INIT =  0" for signal <ready> in unit <ac97>.
    Set user-defined property "INIT =  00000" for signal <left_in_data> in unit <ac97>.
    Set user-defined property "INIT =  00000" for signal <right_in_data> in unit <ac97>.
    Set user-defined property "INIT =  0" for signal <ac97_sdata_out> in unit <ac97>.
    Set user-defined property "INIT =  0" for signal <ac97_synch> in unit <ac97>.
    Set user-defined property "INIT =  0000" for signal <bit_count>.
    Set user-defined property "INIT =  0" for signal <l_left_v>.
    Set user-defined property "INIT =  0" for signal <l_right_v>.
    Set user-defined property "INIT =  0" for signal <l_cmd_v>.
Analyzing module <ac97commands> in library <work>.
Module <ac97commands> is correct for synthesis.
 
    Set user-defined property "INIT =  0" for signal <command_valid> in unit <ac97commands>.
    Set user-defined property "INIT =  0000" for signal <state>.
    Set user-defined property "INIT =  0" for signal <command>.
Analyzing module <process_audio> in library <work>.
WARNING:Xst:2211 - "fft16384u.v" line 920: Instantiating black box module <fft16384u>.
Module <process_audio> is correct for synthesis.
 
Analyzing module <sqrt> in library <work>.
	MBITS = 32'sb00000000000000000000000000001010
	NBITS = 32'sb00000000000000000000000000010100
Module <sqrt> is correct for synthesis.
 
Analyzing module <xvga> in library <work>.
Module <xvga> is correct for synthesis.
 

=========================================================================
*                           HDL Synthesis                               *
=========================================================================

Performing bidirectional port resolution...
INFO:Xst:2561 - Always blocking tristate driving signal <flash_data> in unit <fft> is removed.
INFO:Xst:2561 - Always blocking tristate driving signal <ram0_data> in unit <fft> is removed.
INFO:Xst:2561 - Always blocking tristate driving signal <user2> in unit <fft> is removed.
INFO:Xst:2561 - Always blocking tristate driving signal <user3> in unit <fft> is removed.
INFO:Xst:2561 - Always blocking tristate driving signal <user4> in unit <fft> is removed.
INFO:Xst:2561 - Always blocking tristate driving signal <ram1_data> in unit <fft> is removed.
INFO:Xst:2561 - Always blocking tristate driving signal <daughtercard> in unit <fft> is removed.
INFO:Xst:2561 - Always blocking tristate driving signal <systemace_data> in unit <fft> is removed.
INFO:Xst:2561 - Always blocking tristate driving signal <tv_in_i2c_data> in unit <fft> is removed.

Synthesizing Unit <debounce>.
    Related source file is "fft.v".
    Found 1-bit register for signal <clean>.
    Found 19-bit up counter for signal <count>.
    Found 1-bit xor2 for signal <count$xor0000> created at line 22.
    Found 1-bit register for signal <new>.
    Summary:
	inferred   1 Counter(s).
	inferred   2 D-type flip-flop(s).
Unit <debounce> synthesized.


Synthesizing Unit <xvga>.
    Related source file is "fft.v".
    Found 10-bit up counter for signal <vcount>.
    Found 1-bit register for signal <vsync>.
    Found 11-bit up counter for signal <hcount>.
    Found 1-bit register for signal <blank>.
    Found 1-bit register for signal <hsync>.
    Found 1-bit register for signal <hblank>.
    Found 1-bit register for signal <vblank>.
    Summary:
	inferred   2 Counter(s).
	inferred   5 D-type flip-flop(s).
Unit <xvga> synthesized.


Synthesizing Unit <ac97>.
    Related source file is "fft.v".
    Register <l_right_v> equivalent to <l_left_v> has been removed
    Found 20-bit register for signal <left_in_data>.
    Found 1-bit register for signal <ac97_synch>.
    Found 1-bit register for signal <ac97_sdata_out>.
    Found 20-bit register for signal <right_in_data>.
    Found 1-bit register for signal <ready>.
    Found 1-bit 20-to-1 multiplexer for signal <$varindex0000> created at line 203.
    Found 1-bit 20-to-1 multiplexer for signal <$varindex0001> created at line 207.
    Found 1-bit 20-to-1 multiplexer for signal <$varindex0002> created at line 217.
    Found 8-bit comparator greatequal for signal <ac97_sdata_out$cmp_ge0000> created at line 215.
    Found 8-bit comparator lessequal for signal <ac97_sdata_out$cmp_le0000> created at line 215.
    Found 8-bit up counter for signal <bit_count>.
    Found 20-bit register for signal <l_cmd_addr>.
    Found 20-bit register for signal <l_cmd_data>.
    Found 1-bit register for signal <l_cmd_v>.
    Found 20-bit register for signal <l_left_data>.
    Found 8-bit comparator greatequal for signal <l_left_data$cmp_ge0000> created at line 201.
    Found 8-bit comparator greatequal for signal <l_left_data$cmp_ge0001> created at line 205.
    Found 8-bit comparator greatequal for signal <l_left_data$cmp_ge0002> created at line 209.
    Found 8-bit comparator greater for signal <l_left_data$cmp_gt0000> created at line 209.
    Found 8-bit comparator greater for signal <l_left_data$cmp_gt0001> created at line 205.
    Found 8-bit comparator greater for signal <l_left_data$cmp_gt0002> created at line 201.
    Found 8-bit comparator lessequal for signal <l_left_data$cmp_le0000> created at line 190.
    Found 8-bit comparator lessequal for signal <l_left_data$cmp_le0001> created at line 201.
    Found 8-bit comparator lessequal for signal <l_left_data$cmp_le0002> created at line 205.
    Found 8-bit comparator lessequal for signal <l_left_data$cmp_le0003> created at line 209.
    Found 8-bit comparator less for signal <l_left_data$cmp_lt0000> created at line 209.
    Found 8-bit comparator less for signal <l_left_data$cmp_lt0001> created at line 205.
    Found 8-bit comparator less for signal <l_left_data$cmp_lt0002> created at line 201.
    Found 1-bit register for signal <l_left_v>.
    Found 20-bit register for signal <l_right_data>.
    Found 8-bit comparator greatequal for signal <left_in_data$cmp_ge0000> created at line 226.
    Found 8-bit comparator lessequal for signal <left_in_data$cmp_le0000> created at line 226.
    Found 8-bit comparator greater for signal <right_in_data$cmp_gt0000> created at line 229.
    Found 8-bit comparator less for signal <right_in_data$cmp_lt0000> created at line 229.
    Summary:
	inferred   1 Counter(s).
	inferred 125 D-type flip-flop(s).
	inferred   3 Adder/Subtractor(s).
	inferred  19 Comparator(s).
	inferred   3 Multiplexer(s).
Unit <ac97> synthesized.


Synthesizing Unit <ac97commands>.
    Related source file is "fft.v".
    Found 1-bit register for signal <command_valid>.
    Found 24-bit register for signal <command>.
    Found 4-bit up counter for signal <state>.
    Found 5-bit adder for signal <vol>.
    Summary:
	inferred   1 Counter(s).
	inferred  25 D-type flip-flop(s).
	inferred   1 Adder/Subtractor(s).
Unit <ac97commands> synthesized.


Synthesizing Unit <sqrt>.
    Related source file is "fft.v".
    Found 10-bit register for signal <answer>.
    Found 20-bit comparator greater for signal <answer$cmp_gt0000> created at line 987.
    Found 10x10-bit multiplier for signal <answer$mult0000> created at line 987.
    Found 5-bit register for signal <bit>.
    Found 5-bit subtractor for signal <bit$addsub0000> created at line 986.
    Found 1-bit register for signal <busy>.
    Summary:
	inferred  16 D-type flip-flop(s).
	inferred   1 Adder/Subtractor(s).
	inferred   1 Multiplier(s).
	inferred   1 Comparator(s).
	inferred   1 Combinational logic shifter(s).
Unit <sqrt> synthesized.


Synthesizing Unit <fft_audio>.
    Related source file is "fft.v".
WARNING:Xst:646 - Signal <right_in_data> is assigned but never used. This unconnected signal will be trimmed during the optimization process.
WARNING:Xst:646 - Signal <left_in_data<3:0>> is assigned but never used. This unconnected signal will be trimmed during the optimization process.
    Found 1-bit register for signal <audio_reset_b>.
    Found 16-bit register for signal <out_data>.
    Found 3-bit register for signal <ready_sync>.
    Found 10-bit up counter for signal <reset_count>.
    Summary:
	inferred   1 Counter(s).
	inferred  20 D-type flip-flop(s).
Unit <fft_audio> synthesized.


Synthesizing Unit <process_audio>.
    Related source file is "fft.v".
WARNING:Xst:647 - Input <from_ac97_data<7:0>> is never used. This port will be preserved and left unconnected if it belongs to a top-level block or it belongs to a sub-block and the hierarchy of this sub-block is preserved.
    Found finite state machine <FSM_0> for signal <state>.
    -----------------------------------------------------------------------
    | States             | 4                                              |
    | Transitions        | 7                                              |
    | Inputs             | 3                                              |
    | Outputs            | 4                                              |
    | Clock              | clock_27mhz (rising_edge)                      |
    | Reset              | reset (positive)                               |
    | Reset type         | synchronous                                    |
    | Reset State        | 000                                            |
    | Encoding           | automatic                                      |
    | Implementation     | LUT                                            |
    -----------------------------------------------------------------------
    Found 10-bit register for signal <haddr>.
    Found 1-bit register for signal <hwe>.
    Found 20-bit register for signal <imim>.
    Found 10x10-bit multiplier for signal <imim$mult0000> created at line 948.
    Found 20-bit register for signal <mag2>.
    Found 20-bit adder for signal <mag2$add0000> created at line 952.
    Found 20-bit register for signal <rere>.
    Found 10x10-bit multiplier for signal <rere$mult0000> created at line 947.
    Found 23-bit shifter logical right for signal <xk_im_scaled$shift0000> created at line 926.
    Found 23-bit shifter logical right for signal <xk_re_scaled$shift0000> created at line 925.
    Summary:
	inferred   1 Finite State Machine(s).
	inferred  71 D-type flip-flop(s).
	inferred   1 Adder/Subtractor(s).
	inferred   2 Multiplier(s).
	inferred   2 Combinational logic shifter(s).
Unit <process_audio> synthesized.


Synthesizing Unit <fft>.
    Related source file is "fft.v".
WARNING:Xst:2565 - Inout <user3<28>> is never assigned.
WARNING:Xst:2565 - Inout <user3<4>> is never assigned.
WARNING:Xst:2565 - Inout <user3<29>> is never assigned.
WARNING:Xst:2565 - Inout <user3<5>> is never assigned.
WARNING:Xst:647 - Input <button0> is never used. This port will be preserved and left unconnected if it belongs to a top-level block or it belongs to a sub-block and the hierarchy of this sub-block is preserved.
WARNING:Xst:647 - Input <button1> is never used. This port will be preserved and left unconnected if it belongs to a top-level block or it belongs to a sub-block and the hierarchy of this sub-block is preserved.
WARNING:Xst:647 - Input <button2> is never used. This port will be preserved and left unconnected if it belongs to a top-level block or it belongs to a sub-block and the hierarchy of this sub-block is preserved.
WARNING:Xst:647 - Input <button3> is never used. This port will be preserved and left unconnected if it belongs to a top-level block or it belongs to a sub-block and the hierarchy of this sub-block is preserved.
WARNING:Xst:2565 - Inout <user3<6>> is never assigned.
WARNING:Xst:2565 - Inout <user3<7>> is never assigned.
WARNING:Xst:2565 - Inout <user3<8>> is never assigned.
WARNING:Xst:2565 - Inout <user3<9>> is never assigned.
WARNING:Xst:2565 - Inout <daughtercard<10>> is never assigned.
WARNING:Xst:2565 - Inout <flash_data<10>> is never assigned.
WARNING:Xst:2565 - Inout <daughtercard<11>> is never assigned.
WARNING:Xst:2565 - Inout <flash_data<11>> is never assigned.
WARNING:Xst:647 - Input <clock1> is never used. This port will be preserved and left unconnected if it belongs to a top-level block or it belongs to a sub-block and the hierarchy of this sub-block is preserved.
WARNING:Xst:647 - Input <clock2> is never used. This port will be preserved and left unconnected if it belongs to a top-level block or it belongs to a sub-block and the hierarchy of this sub-block is preserved.
WARNING:Xst:2565 - Inout <daughtercard<12>> is never assigned.
WARNING:Xst:2565 - Inout <flash_data<12>> is never assigned.
WARNING:Xst:2565 - Inout <daughtercard<13>> is never assigned.
WARNING:Xst:2565 - Inout <flash_data<13>> is never assigned.
WARNING:Xst:647 - Input <tv_in_aef> is never used. This port will be preserved and left unconnected if it belongs to a top-level block or it belongs to a sub-block and the hierarchy of this sub-block is preserved.
WARNING:Xst:2565 - Inout <daughtercard<14>> is never assigned.
WARNING:Xst:2565 - Inout <flash_data<14>> is never assigned.
WARNING:Xst:647 - Input <tv_in_aff> is never used. This port will be preserved and left unconnected if it belongs to a top-level block or it belongs to a sub-block and the hierarchy of this sub-block is preserved.
WARNING:Xst:2565 - Inout <daughtercard<15>> is never assigned.
WARNING:Xst:2565 - Inout <daughtercard<20>> is never assigned.
WARNING:Xst:2565 - Inout <flash_data<15>> is never assigned.
WARNING:Xst:2565 - Inout <daughtercard<21>> is never assigned.
WARNING:Xst:2565 - Inout <daughtercard<16>> is never assigned.
WARNING:Xst:2565 - Inout <daughtercard<22>> is never assigned.
WARNING:Xst:2565 - Inout <daughtercard<17>> is never assigned.
WARNING:Xst:647 - Input <systemace_irq> is never used. This port will be preserved and left unconnected if it belongs to a top-level block or it belongs to a sub-block and the hierarchy of this sub-block is preserved.
WARNING:Xst:2565 - Inout <daughtercard<18>> is never assigned.
WARNING:Xst:2565 - Inout <daughtercard<23>> is never assigned.
WARNING:Xst:2565 - Inout <flash_data<0>> is never assigned.
WARNING:Xst:647 - Input <clock_feedback_in> is never used. This port will be preserved and left unconnected if it belongs to a top-level block or it belongs to a sub-block and the hierarchy of this sub-block is preserved.
WARNING:Xst:2565 - Inout <daughtercard<19>> is never assigned.
WARNING:Xst:2565 - Inout <daughtercard<24>> is never assigned.
WARNING:Xst:2565 - Inout <flash_data<1>> is never assigned.
WARNING:Xst:647 - Input <disp_data_in> is never used. This port will be preserved and left unconnected if it belongs to a top-level block or it belongs to a sub-block and the hierarchy of this sub-block is preserved.
WARNING:Xst:2565 - Inout <user2<10>> is never assigned.
WARNING:Xst:2565 - Inout <daughtercard<25>> is never assigned.
WARNING:Xst:2565 - Inout <daughtercard<30>> is never assigned.
WARNING:Xst:2565 - Inout <flash_data<2>> is never assigned.
WARNING:Xst:2565 - Inout <user2<11>> is never assigned.
WARNING:Xst:2565 - Inout <daughtercard<31>> is never assigned.
WARNING:Xst:2565 - Inout <daughtercard<26>> is never assigned.
WARNING:Xst:2565 - Inout <flash_data<3>> is never assigned.
WARNING:Xst:2565 - Inout <user2<12>> is never assigned.
WARNING:Xst:2565 - Inout <daughtercard<32>> is never assigned.
WARNING:Xst:2565 - Inout <daughtercard<27>> is never assigned.
WARNING:Xst:2565 - Inout <flash_data<4>> is never assigned.
WARNING:Xst:2565 - Inout <user2<13>> is never assigned.
WARNING:Xst:2565 - Inout <daughtercard<33>> is never assigned.
WARNING:Xst:2565 - Inout <daughtercard<28>> is never assigned.
WARNING:Xst:2565 - Inout <flash_data<5>> is never assigned.
WARNING:Xst:2565 - Inout <user4<0>> is never assigned.
WARNING:Xst:2565 - Inout <user2<14>> is never assigned.
WARNING:Xst:2565 - Inout <daughtercard<34>> is never assigned.
WARNING:Xst:2565 - Inout <daughtercard<29>> is never assigned.
WARNING:Xst:2565 - Inout <flash_data<6>> is never assigned.
WARNING:Xst:2565 - Inout <user4<1>> is never assigned.
WARNING:Xst:2565 - Inout <user2<15>> is never assigned.
WARNING:Xst:2565 - Inout <user2<20>> is never assigned.
WARNING:Xst:2565 - Inout <daughtercard<40>> is never assigned.
WARNING:Xst:2565 - Inout <daughtercard<35>> is never assigned.
WARNING:Xst:2565 - Inout <flash_data<7>> is never assigned.
WARNING:Xst:2565 - Inout <user4<2>> is never assigned.
WARNING:Xst:2565 - Inout <user2<21>> is never assigned.
WARNING:Xst:2565 - Inout <user2<16>> is never assigned.
WARNING:Xst:2565 - Inout <daughtercard<41>> is never assigned.
WARNING:Xst:2565 - Inout <daughtercard<36>> is never assigned.
WARNING:Xst:2565 - Inout <flash_data<8>> is never assigned.
WARNING:Xst:2565 - Inout <user1<0>> is never assigned.
WARNING:Xst:2565 - Inout <user4<3>> is never assigned.
WARNING:Xst:2565 - Inout <user2<17>> is never assigned.
WARNING:Xst:2565 - Inout <user2<22>> is never assigned.
WARNING:Xst:647 - Input <button_enter> is never used. This port will be preserved and left unconnected if it belongs to a top-level block or it belongs to a sub-block and the hierarchy of this sub-block is preserved.
WARNING:Xst:2565 - Inout <daughtercard<37>> is never assigned.
WARNING:Xst:2565 - Inout <daughtercard<42>> is never assigned.
WARNING:Xst:2565 - Inout <flash_data<9>> is never assigned.
WARNING:Xst:2565 - Inout <user1<1>> is never assigned.
WARNING:Xst:2565 - Inout <user4<4>> is never assigned.
WARNING:Xst:2565 - Inout <user2<23>> is never assigned.
WARNING:Xst:2565 - Inout <user2<18>> is never assigned.
WARNING:Xst:647 - Input <keyboard_clock> is never used. This port will be preserved and left unconnected if it belongs to a top-level block or it belongs to a sub-block and the hierarchy of this sub-block is preserved.
WARNING:Xst:2565 - Inout <daughtercard<38>> is never assigned.
WARNING:Xst:2565 - Inout <daughtercard<43>> is never assigned.
WARNING:Xst:2565 - Inout <user1<2>> is never assigned.
WARNING:Xst:2565 - Inout <user4<5>> is never assigned.
WARNING:Xst:2565 - Inout <user2<24>> is never assigned.
WARNING:Xst:2565 - Inout <user2<19>> is never assigned.
WARNING:Xst:2565 - Inout <daughtercard<39>> is never assigned.
WARNING:Xst:2565 - Inout <user1<3>> is never assigned.
WARNING:Xst:2565 - Inout <tv_in_i2c_data> is never assigned.
WARNING:Xst:2565 - Inout <user4<6>> is never assigned.
WARNING:Xst:2565 - Inout <user2<30>> is never assigned.
WARNING:Xst:2565 - Inout <user2<25>> is never assigned.
WARNING:Xst:2565 - Inout <user1<4>> is never assigned.
WARNING:Xst:2565 - Inout <user4<7>> is never assigned.
WARNING:Xst:2565 - Inout <user2<26>> is never assigned.
WARNING:Xst:2565 - Inout <user2<31>> is never assigned.
WARNING:Xst:2565 - Inout <user1<5>> is never assigned.
WARNING:Xst:647 - Input <flash_sts> is never used. This port will be preserved and left unconnected if it belongs to a top-level block or it belongs to a sub-block and the hierarchy of this sub-block is preserved.
WARNING:Xst:2565 - Inout <user4<8>> is never assigned.
WARNING:Xst:647 - Input <rs232_rxd> is never used. This port will be preserved and left unconnected if it belongs to a top-level block or it belongs to a sub-block and the hierarchy of this sub-block is preserved.
WARNING:Xst:2565 - Inout <user2<27>> is never assigned.
WARNING:Xst:2565 - Inout <user1<6>> is never assigned.
WARNING:Xst:2565 - Inout <user4<9>> is never assigned.
WARNING:Xst:2565 - Inout <user2<28>> is never assigned.
WARNING:Xst:647 - Input <mouse_data> is never used. This port will be preserved and left unconnected if it belongs to a top-level block or it belongs to a sub-block and the hierarchy of this sub-block is preserved.
WARNING:Xst:2565 - Inout <user1<7>> is never assigned.
WARNING:Xst:647 - Input <rs232_cts> is never used. This port will be preserved and left unconnected if it belongs to a top-level block or it belongs to a sub-block and the hierarchy of this sub-block is preserved.
WARNING:Xst:2565 - Inout <user2<29>> is never assigned.
WARNING:Xst:2565 - Inout <user1<8>> is never assigned.
WARNING:Xst:2565 - Inout <user1<9>> is never assigned.
WARNING:Xst:2565 - Inout <daughtercard<0>> is never assigned.
WARNING:Xst:2565 - Inout <user4<10>> is never assigned.
WARNING:Xst:2565 - Inout <daughtercard<1>> is never assigned.
WARNING:Xst:647 - Input <switch<3:2>> is never used. This port will be preserved and left unconnected if it belongs to a top-level block or it belongs to a sub-block and the hierarchy of this sub-block is preserved.
WARNING:Xst:2565 - Inout <user4<11>> is never assigned.
WARNING:Xst:2565 - Inout <daughtercard<2>> is never assigned.
WARNING:Xst:2565 - Inout <user4<12>> is never assigned.
WARNING:Xst:2565 - Inout <daughtercard<3>> is never assigned.
WARNING:Xst:2565 - Inout <user4<13>> is never assigned.
WARNING:Xst:2565 - Inout <daughtercard<4>> is never assigned.
WARNING:Xst:2565 - Inout <user4<14>> is never assigned.
WARNING:Xst:2565 - Inout <daughtercard<5>> is never assigned.
WARNING:Xst:2565 - Inout <user4<20>> is never assigned.
WARNING:Xst:2565 - Inout <user4<15>> is never assigned.
WARNING:Xst:2565 - Inout <daughtercard<6>> is never assigned.
WARNING:Xst:2565 - Inout <ram0_data<0>> is never assigned.
WARNING:Xst:2565 - Inout <user4<16>> is never assigned.
WARNING:Xst:2565 - Inout <user4<21>> is never assigned.
WARNING:Xst:2565 - Inout <ram1_data<10>> is never assigned.
WARNING:Xst:2565 - Inout <daughtercard<7>> is never assigned.
WARNING:Xst:2565 - Inout <ram0_data<1>> is never assigned.
WARNING:Xst:2565 - Inout <user4<22>> is never assigned.
WARNING:Xst:2565 - Inout <user4<17>> is never assigned.
WARNING:Xst:2565 - Inout <ram1_data<11>> is never assigned.
WARNING:Xst:2565 - Inout <daughtercard<8>> is never assigned.
WARNING:Xst:2565 - Inout <ram0_data<2>> is never assigned.
WARNING:Xst:2565 - Inout <user4<23>> is never assigned.
WARNING:Xst:2565 - Inout <user4<18>> is never assigned.
WARNING:Xst:647 - Input <button_left> is never used. This port will be preserved and left unconnected if it belongs to a top-level block or it belongs to a sub-block and the hierarchy of this sub-block is preserved.
WARNING:Xst:2565 - Inout <ram1_data<12>> is never assigned.
WARNING:Xst:2565 - Inout <daughtercard<9>> is never assigned.
WARNING:Xst:2565 - Inout <ram0_data<3>> is never assigned.
WARNING:Xst:2565 - Inout <user4<19>> is never assigned.
WARNING:Xst:2565 - Inout <user4<24>> is never assigned.
WARNING:Xst:2565 - Inout <ram1_data<13>> is never assigned.
WARNING:Xst:2565 - Inout <systemace_data<0>> is never assigned.
WARNING:Xst:2565 - Inout <ram0_data<4>> is never assigned.
WARNING:Xst:2565 - Inout <user4<30>> is never assigned.
WARNING:Xst:2565 - Inout <user4<25>> is never assigned.
WARNING:Xst:2565 - Inout <ram1_data<14>> is never assigned.
WARNING:Xst:2565 - Inout <systemace_data<1>> is never assigned.
WARNING:Xst:2565 - Inout <ram0_data<5>> is never assigned.
WARNING:Xst:2565 - Inout <user4<26>> is never assigned.
WARNING:Xst:2565 - Inout <user4<31>> is never assigned.
WARNING:Xst:2565 - Inout <ram1_data<20>> is never assigned.
WARNING:Xst:2565 - Inout <systemace_data<2>> is never assigned.
WARNING:Xst:2565 - Inout <ram1_data<15>> is never assigned.
WARNING:Xst:2565 - Inout <ram0_data<6>> is never assigned.
WARNING:Xst:2565 - Inout <user4<27>> is never assigned.
WARNING:Xst:2565 - Inout <systemace_data<3>> is never assigned.
WARNING:Xst:2565 - Inout <ram1_data<16>> is never assigned.
WARNING:Xst:2565 - Inout <ram1_data<21>> is never assigned.
WARNING:Xst:2565 - Inout <ram0_data<7>> is never assigned.
WARNING:Xst:647 - Input <tv_in_data_valid> is never used. This port will be preserved and left unconnected if it belongs to a top-level block or it belongs to a sub-block and the hierarchy of this sub-block is preserved.
WARNING:Xst:2565 - Inout <user4<28>> is never assigned.
WARNING:Xst:2565 - Inout <ram1_data<22>> is never assigned.
WARNING:Xst:2565 - Inout <systemace_data<4>> is never assigned.
WARNING:Xst:2565 - Inout <ram1_data<17>> is never assigned.
WARNING:Xst:647 - Input <tv_in_hff> is never used. This port will be preserved and left unconnected if it belongs to a top-level block or it belongs to a sub-block and the hierarchy of this sub-block is preserved.
WARNING:Xst:2565 - Inout <ram0_data<8>> is never assigned.
WARNING:Xst:2565 - Inout <user1<10>> is never assigned.
WARNING:Xst:2565 - Inout <user4<29>> is never assigned.
WARNING:Xst:2565 - Inout <ram1_data<23>> is never assigned.
WARNING:Xst:2565 - Inout <systemace_data<5>> is never assigned.
WARNING:Xst:2565 - Inout <ram1_data<18>> is never assigned.
WARNING:Xst:2565 - Inout <ram0_data<9>> is never assigned.
WARNING:Xst:2565 - Inout <user2<0>> is never assigned.
WARNING:Xst:2565 - Inout <user1<11>> is never assigned.
WARNING:Xst:647 - Input <tv_in_ycrcb> is never used. This port will be preserved and left unconnected if it belongs to a top-level block or it belongs to a sub-block and the hierarchy of this sub-block is preserved.
WARNING:Xst:2565 - Inout <ram0_data<10>> is never assigned.
WARNING:Xst:2565 - Inout <ram1_data<24>> is never assigned.
WARNING:Xst:2565 - Inout <systemace_data<6>> is never assigned.
WARNING:Xst:2565 - Inout <ram1_data<19>> is never assigned.
WARNING:Xst:2565 - Inout <user2<1>> is never assigned.
WARNING:Xst:2565 - Inout <user1<12>> is never assigned.
WARNING:Xst:2565 - Inout <ram0_data<11>> is never assigned.
WARNING:Xst:2565 - Inout <systemace_data<7>> is never assigned.
WARNING:Xst:2565 - Inout <ram1_data<25>> is never assigned.
WARNING:Xst:2565 - Inout <ram1_data<30>> is never assigned.
WARNING:Xst:2565 - Inout <user1<13>> is never assigned.
WARNING:Xst:2565 - Inout <user2<2>> is never assigned.
WARNING:Xst:2565 - Inout <ram0_data<12>> is never assigned.
WARNING:Xst:2565 - Inout <ram1_data<31>> is never assigned.
WARNING:Xst:2565 - Inout <systemace_data<8>> is never assigned.
WARNING:Xst:2565 - Inout <ram1_data<26>> is never assigned.
WARNING:Xst:2565 - Inout <user2<3>> is never assigned.
WARNING:Xst:2565 - Inout <user1<14>> is never assigned.
WARNING:Xst:2565 - Inout <ram0_data<13>> is never assigned.
WARNING:Xst:2565 - Inout <ram1_data<32>> is never assigned.
WARNING:Xst:2565 - Inout <systemace_data<9>> is never assigned.
WARNING:Xst:2565 - Inout <ram1_data<27>> is never assigned.
WARNING:Xst:2565 - Inout <user2<4>> is never assigned.
WARNING:Xst:2565 - Inout <user1<15>> is never assigned.
WARNING:Xst:2565 - Inout <user1<20>> is never assigned.
WARNING:Xst:2565 - Inout <ram0_data<14>> is never assigned.
WARNING:Xst:647 - Input <tv_in_line_clock1> is never used. This port will be preserved and left unconnected if it belongs to a top-level block or it belongs to a sub-block and the hierarchy of this sub-block is preserved.
WARNING:Xst:2565 - Inout <ram1_data<28>> is never assigned.
WARNING:Xst:2565 - Inout <ram1_data<33>> is never assigned.
WARNING:Xst:647 - Input <tv_in_line_clock2> is never used. This port will be preserved and left unconnected if it belongs to a top-level block or it belongs to a sub-block and the hierarchy of this sub-block is preserved.
WARNING:Xst:2565 - Inout <ram1_data<0>> is never assigned.
WARNING:Xst:2565 - Inout <user1<16>> is never assigned.
WARNING:Xst:2565 - Inout <user2<5>> is never assigned.
WARNING:Xst:2565 - Inout <user1<21>> is never assigned.
WARNING:Xst:2565 - Inout <ram0_data<20>> is never assigned.
WARNING:Xst:2565 - Inout <ram0_data<15>> is never assigned.
WARNING:Xst:2565 - Inout <ram1_data<29>> is never assigned.
WARNING:Xst:2565 - Inout <ram1_data<34>> is never assigned.
WARNING:Xst:647 - Input <keyboard_data> is never used. This port will be preserved and left unconnected if it belongs to a top-level block or it belongs to a sub-block and the hierarchy of this sub-block is preserved.
WARNING:Xst:2565 - Inout <ram1_data<1>> is never assigned.
WARNING:Xst:2565 - Inout <user1<17>> is never assigned.
WARNING:Xst:2565 - Inout <user2<6>> is never assigned.
WARNING:Xst:2565 - Inout <user1<22>> is never assigned.
WARNING:Xst:2565 - Inout <ram0_data<21>> is never assigned.
WARNING:Xst:2565 - Inout <ram0_data<16>> is never assigned.
WARNING:Xst:2565 - Inout <ram1_data<35>> is never assigned.
WARNING:Xst:2565 - Inout <ram1_data<2>> is never assigned.
WARNING:Xst:2565 - Inout <user1<18>> is never assigned.
WARNING:Xst:2565 - Inout <user2<7>> is never assigned.
WARNING:Xst:2565 - Inout <user1<23>> is never assigned.
WARNING:Xst:2565 - Inout <ram0_data<22>> is never assigned.
WARNING:Xst:2565 - Inout <ram0_data<17>> is never assigned.
WARNING:Xst:2565 - Inout <ram1_data<3>> is never assigned.
WARNING:Xst:2565 - Inout <systemace_data<10>> is never assigned.
WARNING:Xst:2565 - Inout <user1<24>> is never assigned.
WARNING:Xst:2565 - Inout <user2<8>> is never assigned.
WARNING:Xst:2565 - Inout <user1<19>> is never assigned.
WARNING:Xst:2565 - Inout <ram0_data<23>> is never assigned.
WARNING:Xst:2565 - Inout <ram0_data<18>> is never assigned.
WARNING:Xst:2565 - Inout <ram1_data<4>> is never assigned.
WARNING:Xst:2565 - Inout <systemace_data<11>> is never assigned.
WARNING:Xst:2565 - Inout <user1<25>> is never assigned.
WARNING:Xst:2565 - Inout <user2<9>> is never assigned.
WARNING:Xst:2565 - Inout <user1<30>> is never assigned.
WARNING:Xst:2565 - Inout <ram0_data<24>> is never assigned.
WARNING:Xst:2565 - Inout <ram0_data<19>> is never assigned.
WARNING:Xst:2565 - Inout <ram1_data<5>> is never assigned.
WARNING:Xst:2565 - Inout <systemace_data<12>> is never assigned.
WARNING:Xst:2565 - Inout <user1<26>> is never assigned.
WARNING:Xst:2565 - Inout <user1<31>> is never assigned.
WARNING:Xst:2565 - Inout <ram0_data<25>> is never assigned.
WARNING:Xst:2565 - Inout <ram0_data<30>> is never assigned.
WARNING:Xst:2565 - Inout <ram1_data<6>> is never assigned.
WARNING:Xst:2565 - Inout <systemace_data<13>> is never assigned.
WARNING:Xst:2565 - Inout <user1<27>> is never assigned.
WARNING:Xst:2565 - Inout <ram0_data<31>> is never assigned.
WARNING:Xst:2565 - Inout <ram0_data<26>> is never assigned.
WARNING:Xst:2565 - Inout <ram1_data<7>> is never assigned.
WARNING:Xst:2565 - Inout <systemace_data<14>> is never assigned.
WARNING:Xst:2565 - Inout <user1<28>> is never assigned.
WARNING:Xst:2565 - Inout <ram0_data<32>> is never assigned.
WARNING:Xst:2565 - Inout <ram0_data<27>> is never assigned.
WARNING:Xst:2565 - Inout <ram1_data<8>> is never assigned.
WARNING:Xst:2565 - Inout <systemace_data<15>> is never assigned.
WARNING:Xst:2565 - Inout <user1<29>> is never assigned.
WARNING:Xst:2565 - Inout <ram0_data<28>> is never assigned.
WARNING:Xst:2565 - Inout <ram0_data<33>> is never assigned.
WARNING:Xst:647 - Input <systemace_mpbrdy> is never used. This port will be preserved and left unconnected if it belongs to a top-level block or it belongs to a sub-block and the hierarchy of this sub-block is preserved.
WARNING:Xst:2565 - Inout <ram1_data<9>> is never assigned.
WARNING:Xst:647 - Input <button_right> is never used. This port will be preserved and left unconnected if it belongs to a top-level block or it belongs to a sub-block and the hierarchy of this sub-block is preserved.
WARNING:Xst:2565 - Inout <ram0_data<34>> is never assigned.
WARNING:Xst:2565 - Inout <ram0_data<29>> is never assigned.
WARNING:Xst:2565 - Inout <ram0_data<35>> is never assigned.
WARNING:Xst:2565 - Inout <user3<10>> is never assigned.
WARNING:Xst:647 - Input <mouse_clock> is never used. This port will be preserved and left unconnected if it belongs to a top-level block or it belongs to a sub-block and the hierarchy of this sub-block is preserved.
WARNING:Xst:2565 - Inout <user3<11>> is never assigned.
WARNING:Xst:2565 - Inout <user3<12>> is never assigned.
WARNING:Xst:2565 - Inout <user3<13>> is never assigned.
WARNING:Xst:2565 - Inout <user3<14>> is never assigned.
WARNING:Xst:2565 - Inout <user3<20>> is never assigned.
WARNING:Xst:2565 - Inout <user3<15>> is never assigned.
WARNING:Xst:2565 - Inout <user3<21>> is never assigned.
WARNING:Xst:2565 - Inout <user3<16>> is never assigned.
WARNING:Xst:2565 - Inout <user3<22>> is never assigned.
WARNING:Xst:2565 - Inout <user3<17>> is never assigned.
WARNING:Xst:2565 - Inout <user3<23>> is never assigned.
WARNING:Xst:2565 - Inout <user3<18>> is never assigned.
WARNING:Xst:2565 - Inout <user3<24>> is never assigned.
WARNING:Xst:2565 - Inout <user3<19>> is never assigned.
WARNING:Xst:2565 - Inout <user3<0>> is never assigned.
WARNING:Xst:2565 - Inout <user3<30>> is never assigned.
WARNING:Xst:2565 - Inout <user3<25>> is never assigned.
WARNING:Xst:2565 - Inout <user3<1>> is never assigned.
WARNING:Xst:2565 - Inout <user3<26>> is never assigned.
WARNING:Xst:2565 - Inout <user3<31>> is never assigned.
WARNING:Xst:2565 - Inout <user3<2>> is never assigned.
WARNING:Xst:2565 - Inout <user3<27>> is never assigned.
WARNING:Xst:2565 - Inout <user3<3>> is never assigned.
WARNING:Xst:1780 - Signal <sel> is never used or assigned. This unconnected signal will be trimmed during the optimization process.
WARNING:Xst:646 - Signal <dout<15:10>> is assigned but never used. This unconnected signal will be trimmed during the optimization process.
    Found 1-bit register for signal <b>.
    Found 1-bit 4-to-1 multiplexer for signal <b$mux0000>.
    Found 1-bit register for signal <hs>.
    Found 1-bit 4-to-1 multiplexer for signal <hs$mux0000>.
    Found 1-bit register for signal <old_vdown>.
    Found 1-bit register for signal <old_vup>.
    Found 1-bit register for signal <pblank>.
    Found 1-bit register for signal <phsync>.
    Found 3-bit register for signal <pixel>.
    Found 10-bit comparator lessequal for signal <pixel$cmp_le0000> created at line 793.
    Found 1-bit register for signal <pvsync>.
    Found 3-bit register for signal <rgb>.
    Found 3-bit 4-to-1 multiplexer for signal <rgb$mux0000>.
    Found 5-bit updown counter for signal <volume>.
    Found 1-bit register for signal <vs>.
    Found 1-bit 4-to-1 multiplexer for signal <vs$mux0000>.
    Found 1-bit register for signal <xblank>.
    Found 1-bit register for signal <xhsync>.
    Found 10-bit register for signal <xvcount>.
    Found 10-bit adder for signal <xvcount$sub0000> created at line 787.
    Found 1-bit register for signal <xvsync>.
    Summary:
	inferred   1 Counter(s).
	inferred  27 D-type flip-flop(s).
	inferred   1 Adder/Subtractor(s).
	inferred   1 Comparator(s).
	inferred   6 Multiplexer(s).
Unit <fft> synthesized.


=========================================================================
HDL Synthesis Report

Macro Statistics
# Multipliers                                          : 3
 10x10-bit multiplier                                  : 3
# Adders/Subtractors                                   : 7
 10-bit adder                                          : 1
 20-bit adder                                          : 1
 5-bit adder                                           : 1
 5-bit subtractor                                      : 1
 9-bit adder                                           : 3
# Counters                                             : 8
 10-bit up counter                                     : 2
 11-bit up counter                                     : 1
 19-bit up counter                                     : 2
 4-bit up counter                                      : 1
 5-bit updown counter                                  : 1
 8-bit up counter                                      : 1
# Registers                                            : 47
 1-bit register                                        : 29
 10-bit register                                       : 3
 16-bit register                                       : 1
 20-bit register                                       : 9
 24-bit register                                       : 1
 3-bit register                                        : 3
 5-bit register                                        : 1
# Comparators                                          : 21
 10-bit comparator lessequal                           : 1
 20-bit comparator greater                             : 1
 8-bit comparator greatequal                           : 5
 8-bit comparator greater                              : 4
 8-bit comparator less                                 : 4
 8-bit comparator lessequal                            : 6
# Multiplexers                                         : 7
 1-bit 20-to-1 multiplexer                             : 3
 1-bit 4-to-1 multiplexer                              : 3
 3-bit 4-to-1 multiplexer                              : 1
# Logic shifters                                       : 3
 23-bit shifter logical right                          : 2
 32-bit shifter logical left                           : 1
# Xors                                                 : 2
 1-bit xor2                                            : 2

=========================================================================

=========================================================================
*                       Advanced HDL Synthesis                          *
=========================================================================

Analyzing FSM <FSM_0> for best encoding.
Optimizing FSM <a1/state/FSM> on signal <state[1:2]> with gray encoding.
-------------------
 State | Encoding
-------------------
 000   | 00
 001   | 01
 010   | 11
 011   | 10
-------------------
Loading device for application Rf_Device from file '2v6000.nph' in environment /afs/csail.mit.edu/proj/redsocs/Xilinx10.1/ISE.
Reading core <fft16384u.ngc>.
Loading core <fft16384u> for timing and area information for instance <fft>.
WARNING:Xst:2404 -  FFs/Latches <pixel<2:2>> (without init value) have a constant value of 0 in block <fft>.

Synthesizing (advanced) Unit <process_audio>.
	Found pipelined multiplier on signal <imim_mult0000>:
		- 1 pipeline level(s) found in a register connected to the multiplier macro output.
		Pushing register(s) into the multiplier macro.
	Found pipelined multiplier on signal <rere_mult0000>:
		- 1 pipeline level(s) found in a register connected to the multiplier macro output.
		Pushing register(s) into the multiplier macro.
Unit <process_audio> synthesized (advanced).

Synthesizing (advanced) Unit <sqrt>.
INFO:Xst:2385 - HDL ADVISOR - You can improve the performance of the multiplier Mmult_answer_mult0000 by adding 1 register level(s).
INFO:Xst:2385 - HDL ADVISOR - You can improve the performance of the multiplier Mmult_answer_mult0000 by adding 1 register level(s).
Unit <sqrt> synthesized (advanced).
WARNING:Xst:1426 - The value init of the FF/Latch l_left_v hinder the constant cleaning in the block ac97.
   You should achieve better results by setting this init to 1.
WARNING:Xst:1710 - FF/Latch <l_cmd_addr_0> (without init value) has a constant value of 0 in block <ac97>. This FF/Latch will be trimmed during the optimization process.
WARNING:Xst:1895 - Due to other FF/Latch trimming, FF/Latch <l_cmd_addr_1> (without init value) has a constant value of 0 in block <ac97>. This FF/Latch will be trimmed during the optimization process.
WARNING:Xst:1895 - Due to other FF/Latch trimming, FF/Latch <l_cmd_addr_2> (without init value) has a constant value of 0 in block <ac97>. This FF/Latch will be trimmed during the optimization process.
WARNING:Xst:1895 - Due to other FF/Latch trimming, FF/Latch <l_cmd_addr_3> (without init value) has a constant value of 0 in block <ac97>. This FF/Latch will be trimmed during the optimization process.
WARNING:Xst:1895 - Due to other FF/Latch trimming, FF/Latch <l_cmd_addr_4> (without init value) has a constant value of 0 in block <ac97>. This FF/Latch will be trimmed during the optimization process.
WARNING:Xst:1895 - Due to other FF/Latch trimming, FF/Latch <l_cmd_addr_5> (without init value) has a constant value of 0 in block <ac97>. This FF/Latch will be trimmed during the optimization process.
WARNING:Xst:1895 - Due to other FF/Latch trimming, FF/Latch <l_cmd_addr_6> (without init value) has a constant value of 0 in block <ac97>. This FF/Latch will be trimmed during the optimization process.
WARNING:Xst:1895 - Due to other FF/Latch trimming, FF/Latch <l_cmd_addr_7> (without init value) has a constant value of 0 in block <ac97>. This FF/Latch will be trimmed during the optimization process.
WARNING:Xst:1895 - Due to other FF/Latch trimming, FF/Latch <l_cmd_addr_8> (without init value) has a constant value of 0 in block <ac97>. This FF/Latch will be trimmed during the optimization process.
WARNING:Xst:1895 - Due to other FF/Latch trimming, FF/Latch <l_cmd_addr_9> (without init value) has a constant value of 0 in block <ac97>. This FF/Latch will be trimmed during the optimization process.
WARNING:Xst:1895 - Due to other FF/Latch trimming, FF/Latch <l_cmd_addr_10> (without init value) has a constant value of 0 in block <ac97>. This FF/Latch will be trimmed during the optimization process.
WARNING:Xst:1895 - Due to other FF/Latch trimming, FF/Latch <l_cmd_addr_11> (without init value) has a constant value of 0 in block <ac97>. This FF/Latch will be trimmed during the optimization process.
WARNING:Xst:1895 - Due to other FF/Latch trimming, FF/Latch <l_cmd_data_0> (without init value) has a constant value of 0 in block <ac97>. This FF/Latch will be trimmed during the optimization process.
WARNING:Xst:1895 - Due to other FF/Latch trimming, FF/Latch <l_cmd_data_1> (without init value) has a constant value of 0 in block <ac97>. This FF/Latch will be trimmed during the optimization process.
WARNING:Xst:1895 - Due to other FF/Latch trimming, FF/Latch <l_cmd_data_2> (without init value) has a constant value of 0 in block <ac97>. This FF/Latch will be trimmed during the optimization process.
WARNING:Xst:1895 - Due to other FF/Latch trimming, FF/Latch <l_cmd_data_3> (without init value) has a constant value of 0 in block <ac97>. This FF/Latch will be trimmed during the optimization process.
WARNING:Xst:1426 - The value init of the FF/Latch command_valid hinder the constant cleaning in the block ac97commands.
   You should achieve better results by setting this init to 1.
WARNING:Xst:1293 - FF/Latch <command_5> has a constant value of 0 in block <ac97commands>. This FF/Latch will be trimmed during the optimization process.
WARNING:Xst:1896 - Due to other FF/Latch trimming, FF/Latch <command_7> has a constant value of 0 in block <ac97commands>. This FF/Latch will be trimmed during the optimization process.
WARNING:Xst:1896 - Due to other FF/Latch trimming, FF/Latch <command_13> has a constant value of 0 in block <ac97commands>. This FF/Latch will be trimmed during the optimization process.
WARNING:Xst:1896 - Due to other FF/Latch trimming, FF/Latch <command_14> has a constant value of 0 in block <ac97commands>. This FF/Latch will be trimmed during the optimization process.
WARNING:Xst:1896 - Due to other FF/Latch trimming, FF/Latch <command_16> has a constant value of 0 in block <ac97commands>. This FF/Latch will be trimmed during the optimization process.
WARNING:Xst:1896 - Due to other FF/Latch trimming, FF/Latch <command_22> has a constant value of 0 in block <ac97commands>. This FF/Latch will be trimmed during the optimization process.
INFO:Xst:2261 - The FF/Latch <command_0> in Unit <ac97commands> is equivalent to the following FF/Latch, which will be removed : <command_8> 
INFO:Xst:2261 - The FF/Latch <command_4> in Unit <ac97commands> is equivalent to the following FF/Latch, which will be removed : <command_12> 
INFO:Xst:2261 - The FF/Latch <command_2> in Unit <ac97commands> is equivalent to the following FF/Latch, which will be removed : <command_10> 
INFO:Xst:2261 - The FF/Latch <command_1> in Unit <ac97commands> is equivalent to the following FF/Latch, which will be removed : <command_9> 
WARNING:Xst:1710 - FF/Latch <pixel_0> (without init value) has a constant value of 0 in block <fft>. This FF/Latch will be trimmed during the optimization process.
WARNING:Xst:1710 - FF/Latch <l_cmd_addr_12> (without init value) has a constant value of 0 in block <ac97>. This FF/Latch will be trimmed during the optimization process.
WARNING:Xst:1710 - FF/Latch <l_cmd_addr_18> (without init value) has a constant value of 0 in block <ac97>. This FF/Latch will be trimmed during the optimization process.
WARNING:Xst:1710 - FF/Latch <l_cmd_data_9> (without init value) has a constant value of 0 in block <ac97>. This FF/Latch will be trimmed during the optimization process.
WARNING:Xst:1710 - FF/Latch <l_cmd_data_11> (without init value) has a constant value of 0 in block <ac97>. This FF/Latch will be trimmed during the optimization process.
WARNING:Xst:1710 - FF/Latch <l_cmd_data_17> (without init value) has a constant value of 0 in block <ac97>. This FF/Latch will be trimmed during the optimization process.
WARNING:Xst:1710 - FF/Latch <l_cmd_data_18> (without init value) has a constant value of 0 in block <ac97>. This FF/Latch will be trimmed during the optimization process.
WARNING:Xst:1710 - FF/Latch <l_right_data_0> (without init value) has a constant value of 0 in block <ac97>. This FF/Latch will be trimmed during the optimization process.
WARNING:Xst:1710 - FF/Latch <l_right_data_1> (without init value) has a constant value of 0 in block <ac97>. This FF/Latch will be trimmed during the optimization process.
WARNING:Xst:1710 - FF/Latch <l_right_data_2> (without init value) has a constant value of 0 in block <ac97>. This FF/Latch will be trimmed during the optimization process.
WARNING:Xst:1710 - FF/Latch <l_right_data_3> (without init value) has a constant value of 0 in block <ac97>. This FF/Latch will be trimmed during the optimization process.
WARNING:Xst:2677 - Node <right_in_data_0> of sequential type is unconnected in block <ac97>.
WARNING:Xst:2677 - Node <right_in_data_1> of sequential type is unconnected in block <ac97>.
WARNING:Xst:2677 - Node <right_in_data_2> of sequential type is unconnected in block <ac97>.
WARNING:Xst:2677 - Node <right_in_data_3> of sequential type is unconnected in block <ac97>.
WARNING:Xst:2677 - Node <right_in_data_4> of sequential type is unconnected in block <ac97>.
WARNING:Xst:2677 - Node <right_in_data_5> of sequential type is unconnected in block <ac97>.
WARNING:Xst:2677 - Node <right_in_data_6> of sequential type is unconnected in block <ac97>.
WARNING:Xst:2677 - Node <right_in_data_7> of sequential type is unconnected in block <ac97>.
WARNING:Xst:2677 - Node <right_in_data_8> of sequential type is unconnected in block <ac97>.
WARNING:Xst:2677 - Node <right_in_data_9> of sequential type is unconnected in block <ac97>.
WARNING:Xst:2677 - Node <right_in_data_10> of sequential type is unconnected in block <ac97>.
WARNING:Xst:2677 - Node <right_in_data_11> of sequential type is unconnected in block <ac97>.
WARNING:Xst:2677 - Node <right_in_data_12> of sequential type is unconnected in block <ac97>.
WARNING:Xst:2677 - Node <right_in_data_13> of sequential type is unconnected in block <ac97>.
WARNING:Xst:2677 - Node <right_in_data_14> of sequential type is unconnected in block <ac97>.
WARNING:Xst:2677 - Node <right_in_data_15> of sequential type is unconnected in block <ac97>.
WARNING:Xst:2677 - Node <right_in_data_16> of sequential type is unconnected in block <ac97>.
WARNING:Xst:2677 - Node <right_in_data_17> of sequential type is unconnected in block <ac97>.
WARNING:Xst:2677 - Node <right_in_data_18> of sequential type is unconnected in block <ac97>.
WARNING:Xst:2677 - Node <right_in_data_19> of sequential type is unconnected in block <ac97>.

=========================================================================
Advanced HDL Synthesis Report

Macro Statistics
# Multipliers                                          : 3
 10x10-bit multiplier                                  : 1
 10x10-bit registered multiplier                       : 2
# Adders/Subtractors                                   : 7
 10-bit adder                                          : 1
 20-bit adder                                          : 1
 5-bit adder                                           : 4
 5-bit subtractor                                      : 1
# Counters                                             : 8
 10-bit up counter                                     : 2
 11-bit up counter                                     : 1
 19-bit up counter                                     : 2
 4-bit up counter                                      : 1
 5-bit updown counter                                  : 1
 8-bit up counter                                      : 1
# Registers                                            : 227
 Flip-Flops                                            : 227
# Comparators                                          : 21
 10-bit comparator lessequal                           : 1
 20-bit comparator greater                             : 1
 8-bit comparator greatequal                           : 5
 8-bit comparator greater                              : 4
 8-bit comparator less                                 : 4
 8-bit comparator lessequal                            : 6
# Multiplexers                                         : 7
 1-bit 20-to-1 multiplexer                             : 3
 1-bit 4-to-1 multiplexer                              : 3
 3-bit 4-to-1 multiplexer                              : 1
# Logic shifters                                       : 3
 23-bit shifter logical right                          : 2
 32-bit shifter logical left                           : 1
# Xors                                                 : 2
 1-bit xor2                                            : 2

=========================================================================

=========================================================================
*                         Low Level Synthesis                           *
=========================================================================
INFO:Xst:2261 - The FF/Latch <l_right_data_0> in Unit <ac97> is equivalent to the following 3 FFs/Latches, which will be removed : <l_right_data_1> <l_right_data_2> <l_right_data_3> 
WARNING:Xst:1710 - FF/Latch <l_right_data_0> (without init value) has a constant value of 0 in block <ac97>. This FF/Latch will be trimmed during the optimization process.

Optimizing unit <fft> ...

Optimizing unit <xvga> ...

Optimizing unit <ac97> ...

Optimizing unit <ac97commands> ...

Optimizing unit <sqrt> ...

Optimizing unit <fft_audio> ...

Optimizing unit <process_audio> ...
WARNING:Xst:1710 - FF/Latch <a/ac97/l_cmd_addr_12> (without init value) has a constant value of 0 in block <fft>. This FF/Latch will be trimmed during the optimization process.
WARNING:Xst:1895 - Due to other FF/Latch trimming, FF/Latch <a/ac97/l_cmd_addr_18> (without init value) has a constant value of 0 in block <fft>. This FF/Latch will be trimmed during the optimization process.
WARNING:Xst:1895 - Due to other FF/Latch trimming, FF/Latch <a/ac97/l_cmd_data_9> (without init value) has a constant value of 0 in block <fft>. This FF/Latch will be trimmed during the optimization process.
WARNING:Xst:1895 - Due to other FF/Latch trimming, FF/Latch <a/ac97/l_cmd_data_11> (without init value) has a constant value of 0 in block <fft>. This FF/Latch will be trimmed during the optimization process.
WARNING:Xst:1895 - Due to other FF/Latch trimming, FF/Latch <a/ac97/l_cmd_data_17> (without init value) has a constant value of 0 in block <fft>. This FF/Latch will be trimmed during the optimization process.
WARNING:Xst:1895 - Due to other FF/Latch trimming, FF/Latch <a/ac97/l_cmd_data_18> (without init value) has a constant value of 0 in block <fft>. This FF/Latch will be trimmed during the optimization process.
WARNING:Xst:2677 - Node <a/ac97/right_in_data_0> of sequential type is unconnected in block <fft>.
WARNING:Xst:2677 - Node <a/ac97/right_in_data_1> of sequential type is unconnected in block <fft>.
WARNING:Xst:2677 - Node <a/ac97/right_in_data_2> of sequential type is unconnected in block <fft>.
WARNING:Xst:2677 - Node <a/ac97/right_in_data_3> of sequential type is unconnected in block <fft>.
WARNING:Xst:2677 - Node <a/ac97/right_in_data_4> of sequential type is unconnected in block <fft>.
WARNING:Xst:2677 - Node <a/ac97/right_in_data_5> of sequential type is unconnected in block <fft>.
WARNING:Xst:2677 - Node <a/ac97/right_in_data_6> of sequential type is unconnected in block <fft>.
WARNING:Xst:2677 - Node <a/ac97/right_in_data_7> of sequential type is unconnected in block <fft>.
WARNING:Xst:2677 - Node <a/ac97/right_in_data_8> of sequential type is unconnected in block <fft>.
WARNING:Xst:2677 - Node <a/ac97/right_in_data_9> of sequential type is unconnected in block <fft>.
WARNING:Xst:2677 - Node <a/ac97/right_in_data_10> of sequential type is unconnected in block <fft>.
WARNING:Xst:2677 - Node <a/ac97/right_in_data_11> of sequential type is unconnected in block <fft>.
WARNING:Xst:2677 - Node <a/ac97/right_in_data_12> of sequential type is unconnected in block <fft>.
WARNING:Xst:2677 - Node <a/ac97/right_in_data_13> of sequential type is unconnected in block <fft>.
WARNING:Xst:2677 - Node <a/ac97/right_in_data_14> of sequential type is unconnected in block <fft>.
WARNING:Xst:2677 - Node <a/ac97/right_in_data_15> of sequential type is unconnected in block <fft>.
WARNING:Xst:2677 - Node <a/ac97/right_in_data_16> of sequential type is unconnected in block <fft>.
WARNING:Xst:2677 - Node <a/ac97/right_in_data_17> of sequential type is unconnected in block <fft>.
WARNING:Xst:2677 - Node <a/ac97/right_in_data_18> of sequential type is unconnected in block <fft>.
WARNING:Xst:2677 - Node <a/ac97/right_in_data_19> of sequential type is unconnected in block <fft>.

Mapping all equations...
Building and optimizing final netlist ...
INFO:Xst:2261 - The FF/Latch <a/ac97/l_cmd_data_4> in Unit <fft> is equivalent to the following FF/Latch, which will be removed : <a/ac97/l_cmd_data_12> 
INFO:Xst:2261 - The FF/Latch <a/ac97/l_cmd_data_5> in Unit <fft> is equivalent to the following FF/Latch, which will be removed : <a/ac97/l_cmd_data_13> 
INFO:Xst:2261 - The FF/Latch <a/ac97/l_cmd_data_6> in Unit <fft> is equivalent to the following FF/Latch, which will be removed : <a/ac97/l_cmd_data_14> 
INFO:Xst:2261 - The FF/Latch <a/ac97/l_cmd_data_8> in Unit <fft> is equivalent to the following FF/Latch, which will be removed : <a/ac97/l_cmd_data_16> 
Found area constraint ratio of 100 (+ 5) on block fft, actual ratio is 12.
INFO:Xst:2260 - The FF/Latch <blk000006d8> in Unit <a1/fft> is equivalent to the following FF/Latch : <blk0000070a> 
INFO:Xst:2260 - The FF/Latch <blk000006d7> in Unit <a1/fft> is equivalent to the following FF/Latch : <blk00000709> 
INFO:Xst:2260 - The FF/Latch <blk00000c5c> in Unit <a1/fft> is equivalent to the following 2 FFs/Latches : <blk000014df> <blk00001d4c> 
INFO:Xst:2260 - The FF/Latch <blk000006d8> in Unit <a1/fft> is equivalent to the following FF/Latch : <blk0000070a> 
INFO:Xst:2260 - The FF/Latch <blk000006d7> in Unit <a1/fft> is equivalent to the following FF/Latch : <blk00000709> 
INFO:Xst:2260 - The FF/Latch <blk00000c5c> in Unit <a1/fft> is equivalent to the following 2 FFs/Latches : <blk000014df> <blk00001d4c> 

Final Macro Processing ...

Processing Unit <fft> :
	Found 2-bit shift register for signal <phsync>.
	Found 2-bit shift register for signal <pvsync>.
	Found 4-bit shift register for signal <a/ac97/left_in_data_4>.
	Found 2-bit shift register for signal <a/ready_sync_1>.
Unit <fft> processed.

=========================================================================
Final Register Report

Macro Statistics
# Registers                                            : 269
 Flip-Flops                                            : 269
# Shift Registers                                      : 4
 2-bit shift register                                  : 3
 4-bit shift register                                  : 1

=========================================================================

=========================================================================
*                           Partition Report                             *
=========================================================================

Partition Implementation Status
-------------------------------

  No Partitions were found in this design.

-------------------------------

=========================================================================
*                            Final Report                               *
=========================================================================
Final Results
RTL Top Level Output File Name     : fft.ngr
Top Level Output File Name         : fft
Output Format                      : NGC
Optimization Goal                  : Speed
Keep Hierarchy                     : NO

Design Statistics
# IOs                              : 576

Cell Usage :
# BELS                             : 11033
#      BUF                         : 482
#      GND                         : 16
#      INV                         : 23
#      LUT1                        : 71
#      LUT2                        : 182
#      LUT2_D                      : 1
#      LUT3                        : 258
#      LUT3_D                      : 38
#      LUT3_L                      : 23
#      LUT4                        : 4486
#      LUT4_D                      : 16
#      LUT4_L                      : 60
#      MULT_AND                    : 680
#      MUXCY                       : 1997
#      MUXF5                       : 588
#      MUXF6                       : 95
#      MUXF7                       : 38
#      MUXF8                       : 18
#      VCC                         : 16
#      XORCY                       : 1945
# FlipFlops/Latches                : 6602
#      FD                          : 28
#      FDCE                        : 855
#      FDE                         : 5261
#      FDE_1                       : 17
#      FDR                         : 30
#      FDRE                        : 379
#      FDS                         : 9
#      FDSE                        : 23
# RAMS                             : 96
#      RAM32X1D                    : 36
#      RAM64X1D                    : 34
#      RAMB16_S18_S18              : 2
#      RAMB16_S36_S36              : 3
#      RAMB16_S4_S4                : 7
#      RAMB16_S9_S9                : 14
# Shift Registers                  : 1139
#      SRL16                       : 4
#      SRL16E                      : 1134
#      SRL16E_1                    : 1
# Clock Buffers                    : 3
#      BUFG                        : 2
#      BUFGP                       : 1
# IO Buffers                       : 250
#      IBUF                        : 9
#      IBUFG                       : 1
#      OBUF                        : 240
# DCMs                             : 1
#      DCM                         : 1
# MULTs                            : 27
#      MULT18X18                   : 1
#      MULT18X18S                  : 26
=========================================================================

Device utilization summary:
---------------------------

Selected Device : 2v6000bf957-4 

 Number of Slices:                     4348  out of  33792    12%  
 Number of Slice Flip Flops:           6602  out of  67584     9%  
 Number of 4 input LUTs:               6713  out of  67584     9%  
    Number used as logic:              5158
    Number used as Shift registers:    1139
    Number used as RAMs:                416
 Number of IOs:                         576
 Number of bonded IOBs:                 251  out of    684    36%  
 Number of BRAMs:                        26  out of    144    18%  
 Number of MULT18X18s:                   27  out of    144    18%  
 Number of GCLKs:                         3  out of     16    18%  
 Number of DCMs:                          1  out of     12     8%  

---------------------------
Partition Resource Summary:
---------------------------

  No Partitions were found in this design.

---------------------------


=========================================================================
TIMING REPORT

NOTE: THESE TIMING NUMBERS ARE ONLY A SYNTHESIS ESTIMATE.
      FOR ACCURATE TIMING INFORMATION PLEASE REFER TO THE TRACE REPORT
      GENERATED AFTER PLACE-and-ROUTE.

Clock Information:
------------------
-----------------------------------+------------------------+-------+
Clock Signal                       | Clock buffer(FF name)  | Load  |
-----------------------------------+------------------------+-------+
clock_27mhz                        | IBUFG+BUFG             | 7733  |
clock_27mhz                        | vclk1:CLKFX            | 50    |
ac97_bit_clock                     | BUFGP                  | 81    |
-----------------------------------+------------------------+-------+

Asynchronous Control Signals Information:
----------------------------------------
----------------------------------------+-----------------------------+-------+
Control Signal                          | Buffer(FF name)             | Load  |
----------------------------------------+-----------------------------+-------+
a1/fft/sig00000001(a1/fft/blk00000002:G)| NONE(a1/fft/blk00002fab)    | 871   |
a1/fft/ce_11(a1/fft/ce_11:O)            | NONE(a1/fft/blk000034d1)    | 6     |
a1/fft/ce_14(a1/fft/ce_14:O)            | NONE(a1/fft/blk00003e3c)    | 4     |
a1/fft/ce_3(a1/fft/ce_3:O)              | NONE(a1/fft/blk00000d64)    | 3     |
a1/fft/ce_5(a1/fft/ce_5:O)              | NONE(a1/fft/blk00001608)    | 3     |
a1/fft/ce_9(a1/fft/ce_9:O)              | NONE(a1/fft/blk00002a48)    | 3     |
a/ac97/Mmux__varindex0000_9(XST_GND:G)  | NONE(a1/Mmult_rere_mult0000)| 2     |
a1/fft/ce_13(a1/fft/ce_13:O)            | NONE(a1/fft/blk00003d0f)    | 2     |
a1/fft/ce_7(a1/fft/ce_7:O)              | NONE(a1/fft/blk00001e97)    | 2     |
a1/haddr_not0001(a1/haddr_not00011:O)   | NONE(a1/Mmult_rere_mult0000)| 2     |
a1/fft/ce_6(a1/fft/ce_6:O)              | NONE(a1/fft/blk00001e31)    | 1     |
----------------------------------------+-----------------------------+-------+

Timing Summary:
---------------
Speed Grade: -4

   Minimum period: 15.410ns (Maximum Frequency: 64.893MHz)
   Minimum input arrival time before clock: 10.706ns
   Maximum output required time after clock: 6.909ns
   Maximum combinational path delay: No path found

Timing Detail:
--------------
All values displayed in nanoseconds (ns)

=========================================================================
Timing constraint: Default period analysis for Clock 'clock_27mhz'
  Clock period: 15.410ns (frequency: 64.893MHz)
  Total number of paths / destination ports: 117931 / 17874
-------------------------------------------------------------------------
Delay:               15.410ns (Levels of Logic = 6)
  Source:            a1/sqmag/bit_4 (FF)
  Destination:       a1/sqmag/answer_0 (FF)
  Source Clock:      clock_27mhz rising
  Destination Clock: clock_27mhz rising

  Data Path: a1/sqmag/bit_4 to a1/sqmag/answer_0
                                Gate     Net
    Cell:in->out      fanout   Delay   Delay  Logical Name (Net Name)
    ----------------------------------------  ------------
     FDE:C->Q             10   0.568   1.170  a1/sqmag/bit_4 (a1/sqmag/bit_4)
     LUT3_D:I0->O          1   0.439   0.552  a1/sqmag/trial<7>_SW0 (N77)
     LUT4:I2->O            3   0.439   0.724  a1/sqmag/trial<7> (a1/sqmag/trial<7>)
     MULT18X18:A7->P19     1   7.044   0.726  a1/sqmag/Mmult_answer_mult0000 (a1/sqmag/answer_mult0000<19>)
     LUT2:I1->O            1   0.439   0.000  a1/sqmag/Mcompar_answer_cmp_gt0000_lut<19> (a1/sqmag/Mcompar_answer_cmp_gt0000_lut<19>)
     MUXCY:S->O            1   1.187   0.558  a1/sqmag/Mcompar_answer_cmp_gt0000_cy<19> (a1/sqmag/Mcompar_answer_cmp_gt0000_cy<19>)
     LUT4:I3->O           10   0.439   0.885  a1/sqmag/answer_not00011 (a1/sqmag/answer_not0001)
     FDE:CE                    0.240          a1/sqmag/answer_0
    ----------------------------------------
    Total                     15.410ns (10.795ns logic, 4.615ns route)
                                       (70.1% logic, 29.9% route)

=========================================================================
Timing constraint: Default period analysis for Clock 'ac97_bit_clock'
  Clock period: 11.702ns (frequency: 85.455MHz)
  Total number of paths / destination ports: 1852 / 121
-------------------------------------------------------------------------
Delay:               5.851ns (Levels of Logic = 3)
  Source:            a/ac97/bit_count_4 (FF)
  Destination:       a/ac97/Mshreg_left_in_data_4 (FF)
  Source Clock:      ac97_bit_clock rising
  Destination Clock: ac97_bit_clock falling

  Data Path: a/ac97/bit_count_4 to a/ac97/Mshreg_left_in_data_4
                                Gate     Net
    Cell:in->out      fanout   Delay   Delay  Logical Name (Net Name)
    ----------------------------------------  ------------
     FD:C->Q              17   0.568   1.297  a/ac97/bit_count_4 (a/ac97/bit_count_4)
     LUT3_D:I0->O          2   0.439   0.987  a/ac97/l_left_data_not0001131 (a/ac97/N18)
     LUT4_L:I0->LO         1   0.439   0.134  a/ac97/left_in_data_and000013 (a/ac97/left_in_data_and000013)
     LUT3:I2->O           18   0.439   1.023  a/ac97/left_in_data_and000048 (a/ac97/left_in_data_and0000)
     SRL16E_1:CE               0.525          a/ac97/Mshreg_left_in_data_4
    ----------------------------------------
    Total                      5.851ns (2.410ns logic, 3.441ns route)
                                       (41.2% logic, 58.8% route)

=========================================================================
Timing constraint: Default OFFSET IN BEFORE for Clock 'clock_27mhz'
  Total number of paths / destination ports: 1236 / 127
-------------------------------------------------------------------------
Offset:              10.706ns (Levels of Logic = 5)
  Source:            switch<7> (PAD)
  Destination:       a1/Mmult_rere_mult0000 (MULT)
  Destination Clock: clock_27mhz rising

  Data Path: switch<7> to a1/Mmult_rere_mult0000
                                Gate     Net
    Cell:in->out      fanout   Delay   Delay  Logical Name (Net Name)
    ----------------------------------------  ------------
     IBUF:I->O            45   0.825   1.406  switch_7_IBUF (switch_7_IBUF)
     LUT3:I0->O            2   0.439   0.909  a1/Sh24111 (a1/N210)
     LUT3_D:I1->LO         1   0.439   0.308  a1/Sh281 (N219)
     LUT3:I1->O            2   0.439   0.910  a1/Sh3021 (a1/N281)
     LUT3:I1->O            2   0.439   0.702  a1/Sh312 (a1/Sh31)
     MULT18X18S:A8             3.890          a1/Mmult_rere_mult0000
    ----------------------------------------
    Total                     10.706ns (6.471ns logic, 4.235ns route)
                                       (60.4% logic, 39.6% route)

=========================================================================
Timing constraint: Default OFFSET IN BEFORE for Clock 'ac97_bit_clock'
  Total number of paths / destination ports: 1 / 1
-------------------------------------------------------------------------
Offset:              1.712ns (Levels of Logic = 1)
  Source:            ac97_sdata_in (PAD)
  Destination:       a/ac97/left_in_data_0 (FF)
  Destination Clock: ac97_bit_clock falling

  Data Path: ac97_sdata_in to a/ac97/left_in_data_0
                                Gate     Net
    Cell:in->out      fanout   Delay   Delay  Logical Name (Net Name)
    ----------------------------------------  ------------
     IBUF:I->O             1   0.825   0.517  ac97_sdata_in_IBUF (ac97_sdata_in_IBUF)
     FDE_1:D                   0.370          a/ac97/left_in_data_0
    ----------------------------------------
    Total                      1.712ns (1.195ns logic, 0.517ns route)
                                       (69.8% logic, 30.2% route)

=========================================================================
Timing constraint: Default OFFSET OUT AFTER for Clock 'clock_27mhz'
  Total number of paths / destination ports: 33 / 33
-------------------------------------------------------------------------
Offset:              6.909ns (Levels of Logic = 2)
  Source:            volume_0 (FF)
  Destination:       led<0> (PAD)
  Source Clock:      clock_27mhz rising

  Data Path: volume_0 to led<0>
                                Gate     Net
    Cell:in->out      fanout   Delay   Delay  Logical Name (Net Name)
    ----------------------------------------  ------------
     FDRE:C->Q             8   0.568   0.839  volume_0 (volume_0)
     INV:I->O              2   0.439   0.701  Result<0>21_INV_0 (Result<0>2)
     OBUF:I->O                 4.361          led_0_OBUF (led<0>)
    ----------------------------------------
    Total                      6.909ns (5.368ns logic, 1.541ns route)
                                       (77.7% logic, 22.3% route)

=========================================================================
Timing constraint: Default OFFSET OUT AFTER for Clock 'ac97_bit_clock'
  Total number of paths / destination ports: 2 / 2
-------------------------------------------------------------------------
Offset:              5.630ns (Levels of Logic = 1)
  Source:            a/ac97/ac97_synch (FF)
  Destination:       ac97_synch (PAD)
  Source Clock:      ac97_bit_clock rising

  Data Path: a/ac97/ac97_synch to ac97_synch
                                Gate     Net
    Cell:in->out      fanout   Delay   Delay  Logical Name (Net Name)
    ----------------------------------------  ------------
     FDS:C->Q              2   0.568   0.701  a/ac97/ac97_synch (a/ac97/ac97_synch)
     OBUF:I->O                 4.361          ac97_synch_OBUF (ac97_synch)
    ----------------------------------------
    Total                      5.630ns (4.929ns logic, 0.701ns route)
                                       (87.5% logic, 12.5% route)

=========================================================================


Total REAL time to Xst completion: 171.00 secs
Total CPU time to Xst completion: 169.33 secs
 
--> 


Total memory usage is 803768 kilobytes

Number of errors   :    0 (   0 filtered)
Number of warnings :  399 (   0 filtered)
Number of infos    :   32 (   0 filtered)

