--------------------------------------------------------------------------------
Release 10.1.03 Trace  (lin64)
Copyright (c) 1995-2008 Xilinx, Inc.  All rights reserved.

/afs/csail.mit.edu/proj/redsocs/Xilinx10.1/ISE/bin/lin64/unwrapped/trce -ise
/afs/athena.mit.edu/user/g/e/germainm/6.111/Final_Project/bodydrums/fft/wednesday.ise
-intstyle ise -v 3 -s 4 -xml fft fft.ncd -o fft.twr fft.pcf -ucf labkit.ucf

Design file:              fft.ncd
Physical constraint file: fft.pcf
Device,package,speed:     xc2v6000,bf957,-4 (PRODUCTION 1.121 2008-07-25, STEPPING level 0)
Report level:             verbose report

Environment Variable      Effect 
--------------------      ------ 
NONE                      No environment variables were set
--------------------------------------------------------------------------------

INFO:Timing:2698 - No timing constraints found, doing default enumeration.
INFO:Timing:2752 - To get complete path coverage, use the unconstrained paths 
   option. All paths that are not constrained will be reported in the 
   unconstrained paths section(s) of the report.
INFO:Timing:3339 - The clock-to-out numbers in this timing report are based on 
   a 50 Ohm transmission line loading model.  For the details of this model, 
   and for more information on accounting for different loading conditions, 
   please see the device datasheet.



Data Sheet report:
-----------------
All values displayed in nanoseconds (ns)

Setup/Hold to clock ac97_bit_clock
-------------+------------+------------+--------------------+--------+
             |  Setup to  |  Hold to   |                    | Clock  |
Source       | clk (edge) | clk (edge) |Internal Clock(s)   | Phase  |
-------------+------------+------------+--------------------+--------+
ac97_sdata_in|   -2.875(F)|    3.147(F)|ac97_bit_clock_BUFGP|   0.000|
-------------+------------+------------+--------------------+--------+

Setup/Hold to clock clock_27mhz
------------+------------+------------+------------------+--------+
            |  Setup to  |  Hold to   |                  | Clock  |
Source      | clk (edge) | clk (edge) |Internal Clock(s) | Phase  |
------------+------------+------------+------------------+--------+
button_down |    4.253(R)|   -2.752(R)|clock_27mhz_IBUFG |   0.000|
button_up   |    5.110(R)|   -3.486(R)|clock_27mhz_IBUFG |   0.000|
switch<0>   |    3.651(R)|   -0.994(R)|clock_65mhz       |   0.000|
switch<1>   |    3.507(R)|   -1.088(R)|clock_65mhz       |   0.000|
switch<4>   |   11.085(R)|   -3.616(R)|clock_27mhz_IBUFG |   0.000|
switch<5>   |   11.172(R)|   -4.058(R)|clock_27mhz_IBUFG |   0.000|
switch<6>   |    9.352(R)|   -3.368(R)|clock_27mhz_IBUFG |   0.000|
switch<7>   |    9.885(R)|   -3.460(R)|clock_27mhz_IBUFG |   0.000|
------------+------------+------------+------------------+--------+

Clock ac97_bit_clock to Pad
--------------+------------+--------------------+--------+
              | clk (edge) |                    | Clock  |
Destination   |   to PAD   |Internal Clock(s)   | Phase  |
--------------+------------+--------------------+--------+
ac97_sdata_out|   13.904(R)|ac97_bit_clock_BUFGP|   0.000|
ac97_synch    |   13.109(R)|ac97_bit_clock_BUFGP|   0.000|
--------------+------------+--------------------+--------+

Clock clock_27mhz to Pad
----------------+------------+------------------+--------+
                | clk (edge) |                  | Clock  |
Destination     |   to PAD   |Internal Clock(s) | Phase  |
----------------+------------+------------------+--------+
audio_reset_b   |   11.132(R)|clock_27mhz_IBUFG |   0.000|
led<0>          |   13.321(R)|clock_27mhz_IBUFG |   0.000|
led<1>          |   12.190(R)|clock_27mhz_IBUFG |   0.000|
led<2>          |   12.136(R)|clock_27mhz_IBUFG |   0.000|
led<3>          |   12.870(R)|clock_27mhz_IBUFG |   0.000|
led<4>          |   11.396(R)|clock_27mhz_IBUFG |   0.000|
vga_out_blank_b |   14.353(R)|clock_65mhz       |   0.000|
vga_out_blue<0> |   14.331(R)|clock_65mhz       |   0.000|
vga_out_blue<1> |   14.649(R)|clock_65mhz       |   0.000|
vga_out_blue<2> |   13.183(R)|clock_65mhz       |   0.000|
vga_out_blue<3> |   12.741(R)|clock_65mhz       |   0.000|
vga_out_blue<4> |   12.724(R)|clock_65mhz       |   0.000|
vga_out_blue<5> |   13.021(R)|clock_65mhz       |   0.000|
vga_out_blue<6> |   12.583(R)|clock_65mhz       |   0.000|
vga_out_blue<7> |   12.882(R)|clock_65mhz       |   0.000|
vga_out_green<0>|   12.921(R)|clock_65mhz       |   0.000|
vga_out_green<1>|   15.028(R)|clock_65mhz       |   0.000|
vga_out_green<2>|   13.605(R)|clock_65mhz       |   0.000|
vga_out_green<3>|   13.222(R)|clock_65mhz       |   0.000|
vga_out_green<4>|   15.505(R)|clock_65mhz       |   0.000|
vga_out_green<5>|   14.654(R)|clock_65mhz       |   0.000|
vga_out_green<6>|   15.198(R)|clock_65mhz       |   0.000|
vga_out_green<7>|   15.390(R)|clock_65mhz       |   0.000|
vga_out_hsync   |   12.442(R)|clock_65mhz       |   0.000|
vga_out_red<0>  |   13.676(R)|clock_65mhz       |   0.000|
vga_out_red<1>  |   13.189(R)|clock_65mhz       |   0.000|
vga_out_red<2>  |   13.987(R)|clock_65mhz       |   0.000|
vga_out_red<3>  |   13.372(R)|clock_65mhz       |   0.000|
vga_out_red<4>  |   15.212(R)|clock_65mhz       |   0.000|
vga_out_red<5>  |   13.663(R)|clock_65mhz       |   0.000|
vga_out_red<6>  |   15.502(R)|clock_65mhz       |   0.000|
vga_out_red<7>  |   14.284(R)|clock_65mhz       |   0.000|
vga_out_vsync   |   14.355(R)|clock_65mhz       |   0.000|
----------------+------------+------------------+--------+

Clock to Setup on destination clock ac97_bit_clock
---------------+---------+---------+---------+---------+
               | Src:Rise| Src:Fall| Src:Rise| Src:Fall|
Source Clock   |Dest:Rise|Dest:Rise|Dest:Fall|Dest:Fall|
---------------+---------+---------+---------+---------+
ac97_bit_clock |    7.386|         |    9.649|    3.654|
clock_27mhz    |    3.120|         |         |         |
---------------+---------+---------+---------+---------+

Clock to Setup on destination clock clock_27mhz
---------------+---------+---------+---------+---------+
               | Src:Rise| Src:Fall| Src:Rise| Src:Fall|
Source Clock   |Dest:Rise|Dest:Rise|Dest:Fall|Dest:Fall|
---------------+---------+---------+---------+---------+
ac97_bit_clock |    3.653|    6.765|         |         |
clock_27mhz    |   15.850|         |         |         |
---------------+---------+---------+---------+---------+

Pad to Pad
---------------+-------------------+---------+
Source Pad     |Destination Pad    |  Delay  |
---------------+-------------------+---------+
clock_27mhz    |vga_out_pixel_clock|   11.452|
---------------+-------------------+---------+


Analysis completed Sun Nov 15 19:06:51 2015 
--------------------------------------------------------------------------------

Trace Settings:
-------------------------
Trace Settings 

Peak Memory Usage: 636 MB



