--------------------------------------------------------------------------------
Release 10.1.03 Trace  (lin64)
Copyright (c) 1995-2008 Xilinx, Inc.  All rights reserved.

/afs/csail.mit.edu/proj/redsocs/Xilinx10.1/ISE/bin/lin64/unwrapped/trce -ise
/afs/athena.mit.edu/user/g/r/grosas/6.111/Final_Project/bodydrums/working central FSM files/centralFSM/centralFSM.ise
-intstyle ise -v 3 -s 4 -xml centralFSM centralFSM.ncd -o centralFSM.twr
centralFSM.pcf

Design file:              centralFSM.ncd
Physical constraint file: centralFSM.pcf
Device,package,speed:     xc2v6000,bf957,-4 (PRODUCTION 1.121 2008-07-25, STEPPING level 0)
Report level:             verbose report

Environment Variable      Effect 
--------------------      ------ 
NONE                      No environment variables were set
--------------------------------------------------------------------------------

INFO:Timing:2698 - No timing constraints found, doing default enumeration.
INFO:Timing:2752 - To get complete path coverage, use the unconstrained paths 
   option. All paths that are not constrained will be reported in the 
   unconstrained paths section(s) of the report.
INFO:Timing:3339 - The clock-to-out numbers in this timing report are based on 
   a 50 Ohm transmission line loading model.  For the details of this model, 
   and for more information on accounting for different loading conditions, 
   please see the device datasheet.



Data Sheet report:
-----------------
All values displayed in nanoseconds (ns)

Setup/Hold to clock clk
---------------------+------------+------------+------------------+--------+
                     |  Setup to  |  Hold to   |                  | Clock  |
Source               | clk (edge) | clk (edge) |Internal Clock(s) | Phase  |
---------------------+------------+------------+------------------+--------+
but_ent              |    2.354(R)|    0.972(R)|clk_BUFGP         |   0.000|
effect_values_sel<0> |   -1.778(R)|    2.050(R)|clk_BUFGP         |   0.000|
effect_values_sel<1> |   -1.023(R)|    1.295(R)|clk_BUFGP         |   0.000|
effect_values_sel<2> |   -2.065(R)|    2.337(R)|clk_BUFGP         |   0.000|
effect_values_sel<3> |   -1.944(R)|    2.216(R)|clk_BUFGP         |   0.000|
effect_values_sel<4> |   -1.932(R)|    2.204(R)|clk_BUFGP         |   0.000|
effect_values_sel<5> |   -1.787(R)|    2.059(R)|clk_BUFGP         |   0.000|
effect_values_sel<6> |   -1.693(R)|    1.965(R)|clk_BUFGP         |   0.000|
effect_values_sel<7> |   -1.704(R)|    1.976(R)|clk_BUFGP         |   0.000|
effect_values_sel<8> |   -1.990(R)|    2.262(R)|clk_BUFGP         |   0.000|
effect_values_sel<9> |   -1.306(R)|    1.578(R)|clk_BUFGP         |   0.000|
effect_values_sel<10>|   -2.198(R)|    2.470(R)|clk_BUFGP         |   0.000|
effect_values_sel<11>|   -2.235(R)|    2.507(R)|clk_BUFGP         |   0.000|
effect_values_sel<12>|   -0.961(R)|    1.233(R)|clk_BUFGP         |   0.000|
effect_values_sel<13>|   -1.976(R)|    2.248(R)|clk_BUFGP         |   0.000|
effect_values_sel<14>|   -1.583(R)|    1.855(R)|clk_BUFGP         |   0.000|
effect_values_sel<15>|   -1.810(R)|    2.082(R)|clk_BUFGP         |   0.000|
effect_values_sel<16>|   -1.889(R)|    2.161(R)|clk_BUFGP         |   0.000|
record_mode_sel      |   -0.034(R)|    1.517(R)|clk_BUFGP         |   0.000|
reset                |    2.268(R)|    1.733(R)|clk_BUFGP         |   0.000|
song_done            |    0.572(R)|    0.777(R)|clk_BUFGP         |   0.000|
song_name_sel<0>     |   -1.345(R)|    1.617(R)|clk_BUFGP         |   0.000|
song_name_sel<1>     |   -0.969(R)|    1.486(R)|clk_BUFGP         |   0.000|
song_name_sel<2>     |   -0.980(R)|    1.536(R)|clk_BUFGP         |   0.000|
song_name_sel<3>     |    0.202(R)|    0.467(R)|clk_BUFGP         |   0.000|
switch_7             |    0.219(R)|    0.053(R)|clk_BUFGP         |   0.000|
---------------------+------------+------------+------------------+--------+

Clock clk to Pad
-----------------+------------+------------------+--------+
                 | clk (edge) |                  | Clock  |
Destination      |   to PAD   |Internal Clock(s) | Phase  |
-----------------+------------+------------------+--------+
effect_values<0> |   10.264(R)|clk_BUFGP         |   0.000|
effect_values<1> |   10.819(R)|clk_BUFGP         |   0.000|
effect_values<2> |   10.776(R)|clk_BUFGP         |   0.000|
effect_values<3> |    9.434(R)|clk_BUFGP         |   0.000|
effect_values<4> |   10.378(R)|clk_BUFGP         |   0.000|
effect_values<5> |   10.410(R)|clk_BUFGP         |   0.000|
effect_values<6> |    9.742(R)|clk_BUFGP         |   0.000|
effect_values<7> |    9.715(R)|clk_BUFGP         |   0.000|
effect_values<8> |   10.118(R)|clk_BUFGP         |   0.000|
effect_values<9> |    9.495(R)|clk_BUFGP         |   0.000|
effect_values<10>|    9.376(R)|clk_BUFGP         |   0.000|
effect_values<11>|    9.375(R)|clk_BUFGP         |   0.000|
effect_values<12>|    9.797(R)|clk_BUFGP         |   0.000|
effect_values<13>|   10.095(R)|clk_BUFGP         |   0.000|
effect_values<14>|    9.351(R)|clk_BUFGP         |   0.000|
effect_values<15>|    9.630(R)|clk_BUFGP         |   0.000|
effect_values<16>|    9.330(R)|clk_BUFGP         |   0.000|
pause_song       |   10.237(R)|clk_BUFGP         |   0.000|
record_mode      |    9.612(R)|clk_BUFGP         |   0.000|
song_choice<0>   |   11.492(R)|clk_BUFGP         |   0.000|
song_choice<1>   |   11.103(R)|clk_BUFGP         |   0.000|
song_choice<2>   |   11.127(R)|clk_BUFGP         |   0.000|
song_choice<3>   |   11.136(R)|clk_BUFGP         |   0.000|
song_name<0>     |   11.567(R)|clk_BUFGP         |   0.000|
song_name<1>     |   10.433(R)|clk_BUFGP         |   0.000|
song_name<2>     |   10.046(R)|clk_BUFGP         |   0.000|
song_name<3>     |   10.445(R)|clk_BUFGP         |   0.000|
start_song       |   10.561(R)|clk_BUFGP         |   0.000|
-----------------+------------+------------------+--------+

Clock to Setup on destination clock clk
---------------+---------+---------+---------+---------+
               | Src:Rise| Src:Fall| Src:Rise| Src:Fall|
Source Clock   |Dest:Rise|Dest:Rise|Dest:Fall|Dest:Fall|
---------------+---------+---------+---------+---------+
clk            |    5.451|         |         |         |
---------------+---------+---------+---------+---------+


Analysis completed Sat Dec  5 18:11:44 2015 
--------------------------------------------------------------------------------

Trace Settings:
-------------------------
Trace Settings 

Peak Memory Usage: 326 MB



